#
# There is insufficient memory for the Java Runtime Environment to continue.
# Native memory allocation (malloc) failed to allocate 32784 bytes for Chunk::new
# Possible reasons:
#   The system is out of physical RAM or swap space
#   In 32 bit mode, the process size limit was hit
# Possible solutions:
#   Reduce memory load on the system
#   Increase physical memory or swap space
#   Check if swap backing store is full
#   Use 64 bit Java on a 64 bit OS
#   Decrease Java heap size (-Xmx/-Xms)
#   Decrease number of Java threads
#   Decrease Java thread stack sizes (-Xss)
#   Set larger code cache with -XX:ReservedCodeCacheSize=
# This output file may be truncated or incomplete.
#
#  Out of Memory Error (allocation.cpp:390), pid=25724, tid=328
#
# JRE version: Java(TM) SE Runtime Environment (8.0_91-b14) (build 1.8.0_91-b14)
# Java VM: Java HotSpot(TM) 64-Bit Server VM (25.91-b14 mixed mode windows-amd64 compressed oops)
# Failed to write core dump. Minidumps are not enabled by default on client versions of Windows
#

---------------  T H R E A D  ---------------

Current thread (0x0000000017128000):  JavaThread "C1 CompilerThread3" daemon [_thread_in_native, id=328, stack(0x0000000017b90000,0x0000000017c90000)]

Stack: [0x0000000017b90000,0x0000000017c90000]
[error occurred during error reporting (printing stack bounds), id 0xc0000005]

Native frames: (J=compiled Java code, j=interpreted, Vv=VM code, C=native code)


Current CompileTask:
C1:    495  379   !   3       com.android.dx.cf.code.BytecodeArray::parseInstruction (2764 bytes)


---------------  P R O C E S S  ---------------

Java Threads: ( => current thread )
  0x00000000173b1000 JavaThread "pool-1-thread-4" [_thread_blocked, id=6524, stack(0x0000000018290000,0x0000000018390000)]
  0x00000000173a3000 JavaThread "pool-1-thread-3" [_thread_in_Java, id=29960, stack(0x0000000018190000,0x0000000018290000)]
  0x0000000017315000 JavaThread "pool-1-thread-2" [_thread_blocked, id=13876, stack(0x0000000018090000,0x0000000018190000)]
  0x000000001731a000 JavaThread "pool-2-thread-1" [_thread_blocked, id=16692, stack(0x0000000017f90000,0x0000000018090000)]
  0x0000000017319800 JavaThread "pool-1-thread-1" [_thread_in_Java, id=20428, stack(0x0000000017e90000,0x0000000017f90000)]
  0x000000001713c000 JavaThread "Service Thread" daemon [_thread_blocked, id=9588, stack(0x0000000017c90000,0x0000000017d90000)]
=>0x0000000017128000 JavaThread "C1 CompilerThread3" daemon [_thread_in_native, id=328, stack(0x0000000017b90000,0x0000000017c90000)]
  0x00000000170f3800 JavaThread "C2 CompilerThread2" daemon [_thread_blocked, id=4788, stack(0x0000000017a90000,0x0000000017b90000)]
  0x00000000170cd000 JavaThread "C2 CompilerThread1" daemon [_thread_blocked, id=28192, stack(0x0000000017990000,0x0000000017a90000)]
  0x00000000170ca000 JavaThread "C2 CompilerThread0" daemon [_thread_blocked, id=15184, stack(0x0000000017890000,0x0000000017990000)]
  0x00000000170c7000 JavaThread "Attach Listener" daemon [_thread_blocked, id=16728, stack(0x0000000017790000,0x0000000017890000)]
  0x00000000170c6000 JavaThread "Signal Dispatcher" daemon [_thread_blocked, id=29084, stack(0x0000000017690000,0x0000000017790000)]
  0x000000000268d800 JavaThread "Finalizer" daemon [_thread_blocked, id=11920, stack(0x00000000174a0000,0x00000000175a0000)]
  0x0000000002685000 JavaThread "Reference Handler" daemon [_thread_blocked, id=18268, stack(0x0000000016fa0000,0x00000000170a0000)]
  0x000000000248e000 JavaThread "main" [_thread_blocked, id=10752, stack(0x0000000002490000,0x0000000002590000)]

Other Threads:
  0x00000000151a8800 VMThread [stack: 0x0000000016ea0000,0x0000000016fa0000] [id=22916]
  0x000000001715a000 WatcherThread [stack: 0x0000000017d90000,0x0000000017e90000] [id=12368]

VM state:not at safepoint (normal execution)

VM Mutex/Monitor currently owned by a thread: None

Heap:
 PSYoungGen      total 38400K, used 12290K [0x00000000eab00000, 0x00000000ed580000, 0x0000000100000000)
  eden space 33280K, 36% used [0x00000000eab00000,0x00000000eb700b50,0x00000000ecb80000)
  from space 5120K, 0% used [0x00000000ed080000,0x00000000ed080000,0x00000000ed580000)
  to   space 5120K, 0% used [0x00000000ecb80000,0x00000000ecb80000,0x00000000ed080000)
 ParOldGen       total 87552K, used 0K [0x00000000c0000000, 0x00000000c5580000, 0x00000000eab00000)
  object space 87552K, 0% used [0x00000000c0000000,0x00000000c0000000,0x00000000c5580000)
 Metaspace       used 5422K, capacity 6448K, committed 6528K, reserved 1056768K
  class space    used 595K, capacity 616K, committed 640K, reserved 1048576K

Card table byte_map: [0x0000000011a50000,0x0000000011c60000] byte_map_base: 0x0000000011450000

Marking Bits: (ParMarkBitMap*) 0x000000005f102f70
 Begin Bits: [0x00000000125c0000, 0x00000000135c0000)
 End Bits:   [0x00000000135c0000, 0x00000000145c0000)

Polling page: 0x0000000002430000

CodeCache: size=245760Kb used=1903Kb max_used=1914Kb free=243856Kb
 bounds [0x0000000002690000, 0x0000000002900000, 0x0000000011690000]
 total_blobs=648 nmethods=379 adapters=182
 compilation: enabled

Compilation events (10 events):
Event: 0.477 Thread 0x0000000017128000 nmethod 375 0x000000000286be90 code [0x000000000286bfe0, 0x000000000286c0f0]
Event: 0.483 Thread 0x0000000017128000  376       3       com.android.dx.util.Bits::set (19 bytes)
Event: 0.484 Thread 0x0000000017128000 nmethod 376 0x000000000286c150 code [0x000000000286c2a0, 0x000000000286c410]
Event: 0.484 Thread 0x0000000017128000  377       1       com.android.dx.cf.code.LineNumberList$Item::getStartPc (5 bytes)
Event: 0.484 Thread 0x0000000017128000 nmethod 377 0x000000000286c510 code [0x000000000286c660, 0x000000000286c770]
Event: 0.484 Thread 0x0000000017128000  378       3       com.android.dx.rop.type.Type::getType (2 bytes)
Event: 0.485 Thread 0x0000000017128000 nmethod 378 0x000000000286c7d0 code [0x000000000286c920, 0x000000000286ca70]
Event: 0.485 Thread 0x0000000017128000  379   !   3       com.android.dx.cf.code.BytecodeArray::parseInstruction (2764 bytes)
Event: 0.491 Thread 0x00000000170f3800  400       4       java.util.BitSet::checkInvariants (111 bytes)
Event: 0.492 Thread 0x00000000170f3800 nmethod 400 0x000000000286f750 code [0x000000000286f880, 0x000000000286f8d8]

GC Heap History (0 events):
No events

Deoptimization events (0 events):
No events

Internal exceptions (2 events):
Event: 0.043 Thread 0x000000000248e000 Exception <a 'java/lang/NoSuchMethodError': Method sun.misc.Unsafe.defineClass(Ljava/lang/String;[BII)Ljava/lang/Class; name or signature does not match> (0x00000000eab07cc0) thrown at [C:\re\workspace\8-2-build-windows-amd64-cygwin\jdk8u91\6644\hotspot\srè⁄É	⁄¸•?
Event: 0.043 Thread 0x000000000248e000 Exception <a 'java/lang/NoSuchMethodError': Method sun.misc.Unsafe.prefetchRead(Ljava/lang/Object;J)V name or signature does not match> (0x00000000eab07fa8) thrown at [C:\re\workspace\8-2-build-windows-amd64-cygwin\jdk8u91\6644\hotspot\src\share\vm\prims\j

Events (10 events):
Event: 0.482 loading class java/io/PrintWriter
Event: 0.482 loading class java/io/PrintWriter done
Event: 0.482 loading class com/android/dx/dex/file/DebugInfoItem
Event: 0.482 loading class com/android/dx/dex/file/DebugInfoItem done
Event: 0.482 loading class com/android/dx/dex/file/MethodIdItem
Event: 0.482 loading class com/android/dx/dex/file/MethodIdItem done
Event: 0.483 loading class com/android/dx/cf/code/BytecodeArray$ConstantParserVisitor
Event: 0.483 loading class com/android/dx/cf/code/BytecodeArray$ConstantParserVisitor done
Event: 0.489 loading class com/android/dx/ssa/PhiInsn$Operand
Event: 0.489 loading class com/android/dx/ssa/PhiInsn$Operand done


Dynamic libraries:
0x00007ff7cac60000 - 0x00007ff7cac97000 	C:\Program Files\Java\jdk1.8.0_91\bin\java.exe
0x00007ffd2adf0000 - 0x00007ffd2afb1000 	C:\WINDOWS\SYSTEM32\ntdll.dll
0x00007ffd2a380000 - 0x00007ffd2a42d000 	C:\WINDOWS\system32\KERNEL32.DLL
0x00007ffd27ec0000 - 0x00007ffd280a8000 	C:\WINDOWS\system32\KERNELBASE.dll
0x00007ffd2aca0000 - 0x00007ffd2ad47000 	C:\WINDOWS\system32\ADVAPI32.dll
0x00007ffd2ad50000 - 0x00007ffd2aded000 	C:\WINDOWS\system32\msvcrt.dll
0x00007ffd282c0000 - 0x00007ffd2831b000 	C:\WINDOWS\system32\sechost.dll
0x00007ffd2a440000 - 0x00007ffd2a55c000 	C:\WINDOWS\system32\RPCRT4.dll
0x00007ffd29c30000 - 0x00007ffd29d86000 	C:\WINDOWS\system32\USER32.dll
0x00007ffd2a040000 - 0x00007ffd2a1c6000 	C:\WINDOWS\system32\GDI32.dll
0x00007ffd22b50000 - 0x00007ffd22dc4000 	C:\WINDOWS\WinSxS\amd64_microsoft.windows.common-controls_6595b64144ccf1df_6.0.10586.0_none_8c15ae12515e1c22\COMCTL32.dll
0x00007ffd2aa10000 - 0x00007ffd2ac8d000 	C:\WINDOWS\system32\combase.dll
0x00007ffd27500000 - 0x00007ffd2756a000 	C:\WINDOWS\system32\bcryptPrimitives.dll
0x00007ffd29d90000 - 0x00007ffd29dcb000 	C:\WINDOWS\system32\IMM32.DLL
0x000000005fda0000 - 0x000000005fe72000 	C:\Program Files\Java\jdk1.8.0_91\jre\bin\msvcr100.dll
0x000000005e8f0000 - 0x000000005f183000 	C:\Program Files\Java\jdk1.8.0_91\jre\bin\server\jvm.dll
0x00007ffd2ac90000 - 0x00007ffd2ac98000 	C:\WINDOWS\system32\PSAPI.DLL
0x00007ffd25ae0000 - 0x00007ffd25ae9000 	C:\WINDOWS\SYSTEM32\WSOCK32.dll
0x00007ffd29bc0000 - 0x00007ffd29c2b000 	C:\WINDOWS\system32\WS2_32.dll
0x00007ffd25710000 - 0x00007ffd25733000 	C:\WINDOWS\SYSTEM32\WINMM.dll
0x00007ffd22dd0000 - 0x00007ffd22dda000 	C:\WINDOWS\SYSTEM32\VERSION.dll
0x00007ffd255f0000 - 0x00007ffd2561c000 	C:\WINDOWS\SYSTEM32\WINMMBASE.dll
0x00007ffd27650000 - 0x00007ffd27693000 	C:\WINDOWS\system32\cfgmgr32.dll
0x000000005fd90000 - 0x000000005fd9f000 	C:\Program Files\Java\jdk1.8.0_91\jre\bin\verify.dll
0x000000005fd60000 - 0x000000005fd89000 	C:\Program Files\Java\jdk1.8.0_91\jre\bin\java.dll
0x000000005fd40000 - 0x000000005fd56000 	C:\Program Files\Java\jdk1.8.0_91\jre\bin\zip.dll
0x00007ffd28600000 - 0x00007ffd29b5c000 	C:\WINDOWS\system32\SHELL32.dll
0x00007ffd276a0000 - 0x00007ffd27ce4000 	C:\WINDOWS\system32\windows.storage.dll
0x00007ffd281f0000 - 0x00007ffd28242000 	C:\WINDOWS\system32\shlwapi.dll
0x00007ffd27460000 - 0x00007ffd2746f000 	C:\WINDOWS\system32\kernel.appcore.dll
0x00007ffd27570000 - 0x00007ffd27625000 	C:\WINDOWS\system32\shcore.dll
0x00007ffd27410000 - 0x00007ffd2745b000 	C:\WINDOWS\system32\powrprof.dll
0x00007ffd27480000 - 0x00007ffd27494000 	C:\WINDOWS\system32\profapi.dll

VM Arguments:
jvm_args: -Djava.awt.headless=true -Xmx1024M -Dfile.encoding=windows-1252 -Duser.country=CA -Duser.language=en -Duser.variant 
java_command: com.android.dx.command.Main --dex --num-threads=4 --output C:\Users\Kevin's Playtime\Desktop\pomodoro\app\build\intermediates\pre-dexed\debug\com.android.support-support-vector-drawable-23.4.0_9950c10b4db41fd7787dc884960f6ff073d17059.jar C:\Users\Kevin's Playtime\Desktop\pomodoro\app\build\intermediates\exploded-aar\com.android.support\support-vector-drawable\23.4.0\jars\classes.jar
java_class_path (initial): C:\Android\sdk\build-tools\23.0.2\lib\dx.jar
Launcher Type: SUN_STANDARD

Environment Variables:
JAVA_HOME=C:\Program Files\Java\jdk1.7.0_67
PATH=C:\ProgramData\Oracle\Java\javapath;C:\Program Files (x86)\Caminova\Document Express DjVu Plug-in\;c:\Program Files (x86)\Intel\iCLS Client\;c:\Program Files\Intel\iCLS Client\;C:\WINDOWS\system32;C:\WINDOWS;C:\WINDOWS\System32\Wbem;C:\WINDOWS\System32\WindowsPowerShell\v1.0\;C:\Program Files\Intel\Intel(R) Management Engine Components\DAL;C:\Program Files\Intel\Intel(R) Management Engine Components\IPT;C:\Program Files (x86)\Intel\Intel(R) Management Engine Components\DAL;C:\Program Files (x86)\Intel\Intel(R) Management Engine Components\IPT;C:\Program Files (x86)\Windows Live\Shared;C:\Program Files (x86)\Skype\Phone\;C:\Program Files\nodejs\;C:\WINDOWS\system32\config\systemprofile\.dnx\bin;C:\Program Files\Microsoft DNX\Dnvm\;C:\Program Files (x86)\Windows Kits\8.1\Windows Performance Toolkit\;C:\Program Files\Microsoft SQL Server\130\Tools\Binn\;C:\Program Files (x86)\QuickTime\QTSystem\;C:\Program Files\Git\cmd;C:\Users\Kevin's Playtime\AppData\Local\Programs\Python\Python35-32\Scripts\;C:\Users\Kevin's Playtime\AppData\Local\Programs\Python\Python35-32\;c:\users\kevin's playtime\appdata\local\enthought\canopy\user\scripts;C:\Users\Kevin's Playtime\AppData\Local\Enthought\Canopy\User;C:\Users\Kevin's Playtime\AppData\Local\Enthought\Canopy\User\Scripts;C:\Users\Kevin's Playtime\AppData\Roaming\npm
USERNAME=Kevin
OS=Windows_NT
PROCESSOR_IDENTIFIER=Intel64 Family 6 Model 58 Stepping 9, GenuineIntel



---------------  S Y S T E M  ---------------

OS: Windows 10.0 , 64 bit Build 10586 (10.0.10586.0)

CPU:total 8 (4 cores per cpu, 2 threads per core) family 6 model 58 stepping 9, cmov, cx8, fxsr, mmx, sse, sse2, sse3, ssse3, sse4.1, sse4.2, popcnt, avx, aes, clmul, erms, ht, tsc, tscinvbit, tscinv

Memory: 4k page, physical 8318812k(1389316k free), swap 12513116k(3396k free)

vm_info: Java HotSpot(TM) 64-Bit Server VM (25.91-b14) for windows-amd64 JRE (1.8.0_91-b14), built on Apr  1 2016 00:58:32 by "java_re" with MS VC++ 10.0 (VS2010)

time: Thu Aug 18 13:12:32 2016
elapsed time: 0 seconds (0d 0h 0m 0s)

