, tid=9348
#
# JRE version: Java(TM) SE Runtime Environment (8.0_91-b14) (build 1.8.0_91-b14)
# Java VM: Java HotSpot(TM) 64-Bit Server VM (25.91-b14 mixed mode windows-amd64 compressed oops)
# Failed to write core dump. Minidumps are not enabled by default on client versions of Windows
#

---------------  T H R E A D  ---------------

Current thread (0x0000000017bf4800):  JavaThread "C2 CompilerThread2" daemon [_thread_in_native, id=9348, stack(0x00000000185a0000,0x00000000186a0000)]

Stack: [0x00000000185a0000,0x00000000186a0000]
[error occurred during error reporting (printing stack bounds), id 0xc0000005]

Native frames: (J=compiled Java code, j=interpreted, Vv=VM code, C=native code)


Current CompileTask:
C2:    569  673       4       com.android.dx.rop.cst.CstString::utf8BytesToString (391 bytes)


---------------  P R O C E S S  ---------------

Java Threads: ( => current thread )
  0x00000000189a6000 JavaThread "pool-1-thread-4" [_thread_in_Java, id=11404, stack(0x00000000195a0000,0x00000000196a0000)]
  0x00000000189a1000 JavaThread "pool-1-thread-3" [_thread_in_Java, id=7736, stack(0x00000000194a0000,0x00000000195a0000)]
  0x00000000189a0800 JavaThread "pool-1-thread-2" [_thread_in_Java, id=21848, stack(0x00000000193a0000,0x00000000194a0000)]
  0x0000000017f8e000 JavaThread "pool-2-thread-1" [_thread_blocked, id=12172, stack(0x00000000192a0000,0x00000000193a0000)]
  0x0000000017f8d000 JavaThread "pool-1-thread-1" [_thread_in_Java, id=19572, stack(0x00000000191a0000,0x00000000192a0000)]
  0x0000000017c91000 JavaThread "Service Thread" daemon [_thread_blocked, id=24776, stack(0x00000000187a0000,0x00000000188a0000)]
  0x0000000017bf8800 JavaThread "C1 CompilerThread3" daemon [_thread_in_native, id=22556, stack(0x00000000186a0000,0x00000000187a0000)]
=>0x0000000017bf4800 JavaThread "C2 CompilerThread2" daemon [_thread_in_native, id=9348, stack(0x00000000185a0000,0x00000000186a0000)]
  0x0000000017bed800 JavaThread "C2 CompilerThread1" daemon [_thread_blocked, id=22848, stack(0x00000000184a0000,0x00000000185a0000)]
  0x0000000017bea800 JavaThread "C2 CompilerThread0" daemon [_thread_blocked, id=18440, stack(0x00000000183a0000,0x00000000184a0000)]
  0x0000000017be7800 JavaThread "Attach Listener" daemon [_thread_blocked, id=6288, stack(0x00000000182a0000,0x00000000183a0000)]
  0x0000000017be6000 JavaThread "Signal Dispatcher" daemon [_thread_blocked, id=27576, stack(0x00000000181a0000,0x00000000182a0000)]
  0x00000000031be000 JavaThread "Finalizer" daemon [_thread_blocked, id=29308, stack(0x0000000017fc0000,0x00000000180c0000)]
  0x0000000015cdd800 JavaThread "Reference Handler" daemon [_thread_blocked, id=16444, stack(0x0000000017ac0000,0x0000000017bc0000)]
  0x000000000184e000 JavaThread "main" [_thread_in_Java, id=9688, stack(0x0000000002fc0000,0x00000000030c0000)]

Other Threads:
  0x0000000015cd9000 VMThread [stack: 0x00000000179c0000,0x0000000017ac0000] [id=14436]
  0x0000000017c94000 WatcherThread [stack: 0x00000000188a0000,0x00000000189a0000] [id=6904]

VM state:not at safepoint (normal execution)

VM Mutex/Monitor currently owned by a thread: None

Heap:
 PSYoungGen      total 38400K, used 20248K [0x00000000eab00000, 0x00000000ed580000, 0x0000000100000000)
  eden space 33280K, 60% used [0x00000000eab00000,0x00000000ebec6350,0x00000000ecb80000)
  from space 5120K, 0% used [0x00000000ed080000,0x00000000ed080000,0x00000000ed580000)
  to   space 5120K, 0% used [0x00000000ecb80000,0x00000000ecb80000,0x00000000ed080000)
 ParOldGen       total 87552K, used 0K [0x00000000c0000000, 0x00000000c5580000, 0x00000000eab00000)
  object space 87552K, 0% used [0x00000000c0000000,0x00000000c0000000,0x00000000c5580000)
 Metaspace       used 5592K, capacity 6576K, committed 6784K, reserved 1056768K
  class space    used 594K, capacity 616K, committed 640K, reserved 1048576K

Card table byte_map: [0x0000000012580000,0x0000000012790000] byte_map_base: 0x0000000011f80000

Marking Bits: (ParMarkBitMap*) 0x000000005f102f70
 Begin Bits: [0x00000000130f0000, 0x00000000140f0000)
 End Bits:   [0x00000000140f0000, 0x00000000150f0000)

Polling page: 0x0000000001810000

CodeCache: size=245760Kb used=2411Kb max_used=2435Kb free=243348Kb
 bounds [0x00000000031c0000, 0x0000000003430000, 0x00000000121c0000]
 total_blobs=920 nmethods=651 adapters=182
 compilation: enabled

Compilation events (10 events):
Event: 0.559 Thread 0x0000000017bea800 nmethod 640 0x000000000341f150 code [0x000000000341f2e0, 0x000000000341fb38]
Event: 0.559 Thread 0x0000000017bf4800 nmethod 644 0x0000000003400410 code [0x0000000003400540, 0x0000000003400598]
Event: 0.559 Thread 0x0000000017bed800 nmethod 641 0x000000000341dcd0 code [0x000000000341de60, 0x000000000341e798]
Event: 0.560 Thread 0x0000000017bea800  667       4       com.android.dx.ssa.SsaBasicBlock::forEachInsn (37 bytes)
Event: 0.561 Thread 0x0000000017bf4800  673       4       com.android.dx.rop.cst.CstString::utf8BytesToString (391 bytes)
Event: 0.561 Thread 0x0000000017bed800  674       4       java.util.ArrayList$Itr::<init> (6 bytes)
Event: 0.562 Thread 0x0000000017bed800 nmethod 674 0x0000000003401650 code [0x0000000003401780, 0x0000000003401818]
Event: 0.562 Thread 0x0000000017bed800  675       4       com.android.dx.ssa.SsaBasicBlock::isReachable (29 bytes)
Event: 0.563 Thread 0x0000000017bed800 nmethod 675 0x000000000341c590 code [0x000000000341c6c0, 0x000000000341c758]
Event: 0.564 Thread 0x0000000017bea800 nmethod 667 0x000000000341a490 code [0x000000000341a600, 0x000000000341a8c8]

GC Heap History (0 events):
No events

Deoptimization events (2 events):
Event: 0.265 Thread 0x000000000184e000 Uncommon trap: reason=unstable_if action=reinterpret pc=0x00000000033148d4 method=java.lang.String.compareTo(Ljava/lang/String;)I @ 38
Event: 0.509 Thread 0x000000000184e000 Uncommon trap: reason=unstable_if action=reinterpret pc=0x00000000033d705c method=java.util.HashMap.getNode(ILjava/lang/Object;)Ljava/util/HashMap$Node; @ 129

Internal exceptions (2 events):
Event: 0.034 Thread 0x000000000184e000 Exception <a 'java/lang/NoSuchMethodError': Method sun.misc.Unsafe.defineClass(Ljava/lang/String;[BII)Ljava/lang/Class; name or signature does not match> (0x00000000eab07cc0) thrown at [C:\re\workspace\8-2-build-windows-amd64-cygwin\jdk8u91\6644\hotspot\srIê:y’¡?
Event: 0.034 Thread 0x000000000184e000 Exception <a 'java/lang/NoSuchMethodError': Method sun.misc.Unsafe.prefetchRead(Ljava/lang/Object;J)V name or signature does not match> (0x00000000eab07fa8) thrown at [C:\re\workspace\8-2-build-windows-amd64-cygwin\jdk8u91\6644\hotspot\src\share\vm\prims\j

Events (10 events):
Event: 0.499 loading class java/util/HashMap$Values done
Event: 0.499 loading class java/util/HashMap$ValueIterator
Event: 0.499 loading class java/util/HashMap$ValueIterator done
Event: 0.509 Thread 0x000000000184e000 Uncommon trap: trap_request=0xffffff65 fr.pc=0x00000000033d705c
Event: 0.509 Thread 0x000000000184e000 DEOPT PACKING pc=0x00000000033d705c sp=0x00000000030be230
Event: 0.509 Thread 0x000000000184e000 DEOPT UNPACKING pc=0x000000000320582a sp=0x00000000030be1a8 mode 2
Event: 0.559 loading class com/android/dx/cf/attrib/AttLocalVariableTypeTable
Event: 0.559 loading class com/android/dx/cf/attrib/AttLocalVariableTypeTable done
Event: 0.561 loading class java/util/ArrayList$1
Event: 0.561 loading class java/util/ArrayList$1 done


Dynamic libraries:
0x00007ff7cac60000 - 0x00007ff7cac97000 	C:\Program Files\Java\jdk1.8.0_91\bin\java.exe
0x00007ffd2adf0000 - 0x00007ffd2afb1000 	C:\WINDOWS\SYSTEM32\ntdll.dll
0x00007ffd2a380000 - 0x00007ffd2a42d000 	C:\WINDOWS\system32\KERNEL32.DLL
0x00007ffd27ec0000 - 0x00007ffd280a8000 	C:\WINDOWS\system32\KERNELBASE.dll
0x00007ffd2aca0000 - 0x00007ffd2ad47000 	C:\WINDOWS\system32\ADVAPI32.dll
0x00007ffd2ad50000 - 0x00007ffd2aded000 	C:\WINDOWS\system32\msvcrt.dll
0x00007ffd282c0000 - 0x00007ffd2831b000 	C:\WINDOWS\system32\sechost.dll
0x00007ffd2a440000 - 0x00007ffd2a55c000 	C:\WINDOWS\system32\RPCRT4.dll
0x00007ffd29c30000 - 0x00007ffd29d86000 	C:\WINDOWS\system32\USER32.dll
0x00007ffd2a040000 - 0x00007ffd2a1c6000 	C:\WINDOWS\system32\GDI32.dll
0x00007ffd22b50000 - 0x00007ffd22dc4000 	C:\WINDOWS\WinSxS\amd64_microsoft.windows.common-controls_6595b64144ccf1df_6.0.10586.0_none_8c15ae12515e1c22\COMCTL32.dll
0x00007ffd2aa10000 - 0x00007ffd2ac8d000 	C:\WINDOWS\system32\combase.dll
0x00007ffd27500000 - 0x00007ffd2756a000 	C:\WINDOWS\system32\bcryptPrimitives.dll
0x00007ffd29d90000 - 0x00007ffd29dcb000 	C:\WINDOWS\system32\IMM32.DLL
0x000000005fda0000 - 0x000000005fe72000 	C:\Program Files\Java\jdk1.8.0_91\jre\bin\msvcr100.dll
0x000000005e8f0000 - 0x000000005f183000 	C:\Program Files\Java\jdk1.8.0_91\jre\bin\server\jvm.dll
0x00007ffd2ac90000 - 0x00007ffd2ac98000 	C:\WINDOWS\system32\PSAPI.DLL
0x00007ffd25710000 - 0x00007ffd25733000 	C:\WINDOWS\SYSTEM32\WINMM.dll
0x00007ffd25ae0000 - 0x00007ffd25ae9000 	C:\WINDOWS\SYSTEM32\WSOCK32.dll
0x00007ffd22dd0000 - 0x00007ffd22dda000 	C:\WINDOWS\SYSTEM32\VERSION.dll
0x00007ffd255f0000 - 0x00007ffd2561c000 	C:\WINDOWS\SYSTEM32\WINMMBASE.dll
0x00007ffd29bc0000 - 0x00007ffd29c2b000 	C:\WINDOWS\system32\WS2_32.dll
0x00007ffd27650000 - 0x00007ffd27693000 	C:\WINDOWS\system32\cfgmgr32.dll
0x000000005fd90000 - 0x000000005fd9f000 	C:\Program Files\Java\jdk1.8.0_91\jre\bin\verify.dll
0x000000005fd60000 - 0x000000005fd89000 	C:\Program Files\Java\jdk1.8.0_91\jre\bin\java.dll
0x000000005fd40000 - 0x000000005fd56000 	C:\Program Files\Java\jdk1.8.0_91\jre\bin\zip.dll
0x00007ffd28600000 - 0x00007ffd29b5c000 	C:\WINDOWS\system32\SHELL32.dll
0x00007ffd276a0000 - 0x00007ffd27ce4000 	C:\WINDOWS\system32\windows.storage.dll
0x00007ffd281f0000 - 0x00007ffd28242000 	C:\WINDOWS\system32\shlwapi.dll
0x00007ffd27460000 - 0x00007ffd2746f000 	C:\WINDOWS\system32\kernel.appcore.dll
0x00007ffd27570000 - 0x00007ffd27625000 	C:\WINDOWS\system32\shcore.dll
0x00007ffd27410000 - 0x00007ffd2745b000 	C:\WINDOWS\system32\powrprof.dll
0x00007ffd27480000 - 0x00007ffd27494000 	C:\WINDOWS\system32\profapi.dll

VM Arguments:
jvm_args: -Djava.awt.headless=true -Xmx1024M -Dfile.encoding=windows-1252 -Duser.country=CA -Duser.language=en -Duser.variant 
java_command: com.android.dx.command.Main --dex --num-threads=4 --output C:\Users\Kevin's Playtime\Desktop\pomodoro\app\build\intermediates\pre-dexed\debug\internal_impl-23.4.0_10e4146c5984cb16380293b5897108725f500f51.jar C:\Users\Kevin's Playtime\Desktop\pomodoro\app\build\intermediates\exploded-aar\com.android.support\support-v4\23.4.0\jars\libs\internal_impl-23.4.0.jar
java_class_path (initial): C:\Android\sdk\build-tools\23.0.2\lib\dx.jar
Launcher Type: SUN_STANDARD

Environment Variables:
JAVA_HOME=C:\Program Files\Java\jdk1.7.0_67
PATH=C:\ProgramData\Oracle\Java\javapath;C:\Program Files (x86)\Caminova\Document Express DjVu Plug-in\;c:\Program Files (x86)\Intel\iCLS Client\;c:\Program Files\Intel\iCLS Client\;C:\WINDOWS\system32;C:\WINDOWS;C:\WINDOWS\System32\Wbem;C:\WINDOWS\System32\WindowsPowerShell\v1.0\;C:\Program Files\Intel\Intel(R) Management Engine Components\DAL;C:\Program Files\Intel\Intel(R) Management Engine Components\IPT;C:\Program Files (x86)\Intel\Intel(R) Management Engine Components\DAL;C:\Program Files (x86)\Intel\Intel(R) Management Engine Components\IPT;C:\Program Files (x86)\Windows Live\Shared;C:\Program Files (x86)\Skype\Phone\;C:\Program Files\nodejs\;C:\WINDOWS\system32\config\systemprofile\.dnx\bin;C:\Program Files\Microsoft DNX\Dnvm\;C:\Program Files (x86)\Windows Kits\8.1\Windows Performance Toolkit\;C:\Program Files\Microsoft SQL Server\130\Tools\Binn\;C:\Program Files (x86)\QuickTime\QTSystem\;C:\Program Files\Git\cmd;C:\Users\Kevin's Playtime\AppData\Local\Programs\Python\Python35-32\Scripts\;C:\Users\Kevin's Playtime\AppData\Local\Programs\Python\Python35-32\;c:\users\kevin's playtime\appdata\local\enthought\canopy\user\scripts;C:\Users\Kevin's Playtime\AppData\Local\Enthought\Canopy\User;C:\Users\Kevin's Playtime\AppData\Local\Enthought\Canopy\User\Scripts;C:\Users\Kevin's Playtime\AppData\Roaming\npm
USERNAME=Kevin
OS=Windows_NT
PROCESSOR_IDENTIFIER=Intel64 Family 6 Model 58 Stepping 9, GenuineIntel



---------------  S Y S T E M  ---------------

OS: Windows 10.0 , 64 bit Build 10586 (10.0.10586.0)

CPU:total 8 (4 cores per cpu, 2 threads per core) family 6 model 58 stepping 9, cmov, cx8, fxsr, mmx, sse, sse2, sse3, ssse3, sse4.1, sse4.2, popcnt, avx, aes, clmul, erms, ht, tsc, tscinvbit, tscinv

Memory: 4k page, physical 8318812k(1371096k free), swap 12513116k(5344k free)

vm_info: Java HotSpot(TM) 64-Bit Server VM (25.91-b14) for windows-amd64 JRE (1.8.0_91-b14), built on Apr  1 2016 00:58:32 by "java_re" with MS VC++ 10.0 (VS2010)

time: Thu Aug 18 13:12:32 2016
elapsed time: 0 seconds (0d 0h 0m 0s)

