#
# There is insufficient memory for the Java Runtime Environment to continue.
# Native memory allocation (malloc) failed to allocate 1460656 bytes for Chunk::new
# Possible reasons:
#   The system is out of physical RAM or swap space
#   In 32 bit mode, the process size limit was hit
# Possible solutions:
#   Reduce memory load on the system
#   Increase physical memory or swap space
#   Check if swap backing store is full
#   Use 64 bit Java on a 64 bit OS
#   Decrease Java heap size (-Xmx/-Xms)
#   Decrease number of Java threads
#   Decrease Java thread stack sizes (-Xss)
#   Set larger code cache with -XX:ReservedCodeCacheSize=
# This output file may be truncated or incomplete.
#
#  Out of Memory Error (allocation.cpp:390), pid=29292, tid=22888
#
# JRE version: Java(TM) SE Runtime Environment (8.0_91-b14) (build 1.8.0_91-b14)
# Java VM: Java HotSpot(TM) 64-Bit Server VM (25.91-b14 mixed mode windows-amd64 compressed oops)
# Failed to write core dump. Minidumps are not enabled by default on client versions of Windows
#

---------------  T H R E A D  ---------------

Current thread (0x0000000017a3d800):  JavaThread "C2 CompilerThread1" daemon [_thread_in_native, id=22888, stack(0x00000000183f0000,0x00000000184f0000)]

Stack: [0x00000000183f0000,0x00000000184f0000]
[error occurred during error reporting (printing stack bounds), id 0xc0000005]

Native frames: (J=compiled Java code, j=interpreted, Vv=VM code, C=native code)


Current CompileTask:
C2:   3122 1786   !   4       com.android.dx.cf.cst.ConstantPoolParser::parse0 (731 bytes)


---------------  P R O C E S S  ---------------

Java Threads: ( => current thread )
  0x0000000017d9c800 JavaThread "pool-1-thread-4" [_thread_blocked, id=7752, stack(0x00000000194f0000,0x00000000195f0000)]
  0x0000000017d97800 JavaThread "pool-1-thread-3" [_thread_in_Java, id=12136, stack(0x00000000193f0000,0x00000000194f0000)]
  0x0000000017d92800 JavaThread "pool-1-thread-2" [_thread_blocked, id=16968, stack(0x00000000192f0000,0x00000000193f0000)]
  0x0000000017d3f000 JavaThread "pool-2-thread-1" [_thread_blocked, id=30148, stack(0x00000000191f0000,0x00000000192f0000)]
  0x0000000017d81800 JavaThread "pool-1-thread-1" [_thread_blocked, id=3580, stack(0x00000000190f0000,0x00000000191f0000)]
  0x0000000017a4b000 JavaThread "Service Thread" daemon [_thread_blocked, id=18052, stack(0x00000000186f0000,0x00000000187f0000)]
  0x0000000017a45000 JavaThread "C1 CompilerThread3" daemon [_thread_blocked, id=21752, stack(0x00000000185f0000,0x00000000186f0000)]
  0x0000000017a3f800 JavaThread "C2 CompilerThread2" daemon [_thread_in_native, id=29556, stack(0x00000000184f0000,0x00000000185f0000)]
=>0x0000000017a3d800 JavaThread "C2 CompilerThread1" daemon [_thread_in_native, id=22888, stack(0x00000000183f0000,0x00000000184f0000)]
  0x0000000017a3a000 JavaThread "C2 CompilerThread0" daemon [_thread_in_native, id=5888, stack(0x00000000182f0000,0x00000000183f0000)]
  0x0000000017a37800 JavaThread "Attach Listener" daemon [_thread_blocked, id=27368, stack(0x00000000181f0000,0x00000000182f0000)]
  0x0000000017a36000 JavaThread "Signal Dispatcher" daemon [_thread_blocked, id=24816, stack(0x00000000180f0000,0x00000000181f0000)]
  0x000000000302d800 JavaThread "Finalizer" daemon [_thread_blocked, id=17016, stack(0x0000000017e10000,0x0000000017f10000)]
  0x0000000015b4d800 JavaThread "Reference Handler" daemon [_thread_blocked, id=6152, stack(0x0000000017910000,0x0000000017a10000)]
  0x0000000002f2e000 JavaThread "main" [_thread_in_Java, id=576, stack(0x0000000002d60000,0x0000000002e60000)]

Other Threads:
  0x0000000015b48800 VMThread [stack: 0x0000000017810000,0x0000000017910000] [id=14172]
  0x0000000017a6e000 WatcherThread [stack: 0x00000000187f0000,0x00000000188f0000] [id=29684]

VM state:not at safepoint (normal execution)

VM Mutex/Monitor currently owned by a thread: None

Heap:
 PSYoungGen      total 71680K, used 6286K [0x00000000eab00000, 0x00000000f3700000, 0x0000000100000000)
  eden space 66560K, 1% used [0x00000000eab00000,0x00000000eac2b428,0x00000000eec00000)
  from space 5120K, 99% used [0x00000000eec00000,0x00000000ef0f85b0,0x00000000ef100000)
  to   space 5120K, 0% used [0x00000000f3200000,0x00000000f3200000,0x00000000f3700000)
 ParOldGen       total 87552K, used 12611K [0x00000000c0000000, 0x00000000c5580000, 0x00000000eab00000)
  object space 87552K, 14% used [0x00000000c0000000,0x00000000c0c50f40,0x00000000c5580000)
 Metaspace       used 6268K, capacity 7154K, committed 7296K, reserved 1056768K
  class space    used 606K, capacity 618K, committed 640K, reserved 1048576K

Card table byte_map: [0x00000000123f0000,0x0000000012600000] byte_map_base: 0x0000000011df0000

Marking Bits: (ParMarkBitMap*) 0x000000005f102f70
 Begin Bits: [0x0000000012f60000, 0x0000000013f60000)
 End Bits:   [0x0000000013f60000, 0x0000000014f60000)

Polling page: 0x0000000001120000

CodeCache: size=245760Kb used=7352Kb max_used=7366Kb free=238407Kb
 bounds [0x0000000003030000, 0x0000000003770000, 0x0000000012030000]
 total_blobs=2020 nmethods=1751 adapters=182
 compilation: enabled

Compilation events (10 events):
Event: 2.798 Thread 0x0000000017a3d800 nmethod 1784 0x000000000374a950 code [0x000000000374aa80, 0x000000000374ab78]
Event: 2.798 Thread 0x0000000017a3d800 1785 %     4       com.android.dx.ssa.SsaMethod::mapRegisters @ 8 (87 bytes)
Event: 2.827 Thread 0x0000000017a3d800 nmethod 1785% 0x0000000003758510 code [0x0000000003758720, 0x0000000003759340]
Event: 2.839 Thread 0x0000000017a3d800 1786   !   4       com.android.dx.cf.cst.ConstantPoolParser::parse0 (731 bytes)
Event: 2.881 Thread 0x0000000017a3f800 nmethod 1781 0x0000000003765ad0 code [0x0000000003765e20, 0x00000000037683e0]
Event: 2.886 Thread 0x0000000017a3f800 1787   !   4       com.android.dx.rop.type.Prototype::putIntern (50 bytes)
Event: 3.116 Thread 0x0000000017a3f800 nmethod 1787 0x000000000375b1d0 code [0x000000000375b3c0, 0x000000000375c4f8]
Event: 3.117 Thread 0x0000000017a3f800 1788       4       java.util.ArrayList::clear (39 bytes)
Event: 3.119 Thread 0x0000000017a3f800 nmethod 1788 0x00000000035ccd10 code [0x00000000035cce40, 0x00000000035ccf18]
Event: 3.119 Thread 0x0000000017a3f800 1789 %     4       com.android.dx.ssa.SsaConverter::placePhiFunctions @ 131 (394 bytes)

GC Heap History (6 events):
Event: 0.789 GC heap before
{Heap before GC invocations=1 (full 0):
 PSYoungGen      total 38400K, used 33280K [0x00000000eab00000, 0x00000000ed580000, 0x0000000100000000)
  eden space 33280K, 100% used [0x00000000eab00000,0x00000000ecb80000,0x00000000ecb80000)
  from space 5120K, 0% used [0x00000000ed080000,0x00000000ed080000,0x00000000ed580000)
  to   space 5120K, 0% used [0x00000000ecb80000,0x00000000ecb80000,0x00000000ed080000)
 ParOldGen       total 87552K, used 0K [0x00000000c0000000, 0x00000000c5580000, 0x00000000eab00000)
  object space 87552K, 0% used [0x00000000c0000000,0x00000000c0000000,0x00000000c5580000)
 Metaspace       used 5895K, capacity 6832K, committed 7040K, reserved 1056768K
  class space    used 602K, capacity 616K, committed 640K, reserved 1048576K
Event: 0.848 GC heap after
Heap after GC invocations=1 (full 0):
 PSYoungGen      total 38400K, used 5106K [0x00000000eab00000, 0x00000000ef600000, 0x0000000100000000)
  eden space 33280K, 0% used [0x00000000eab00000,0x00000000eab00000,0x00000000ecb80000)
  from space 5120K, 99% used [0x00000000ecb80000,0x00000000ed07c8d8,0x00000000ed080000)
  to   space 5120K, 0% used [0x00000000ef100000,0x00000000ef100000,0x00000000ef600000)
 ParOldGen       total 87552K, used 405K [0x00000000c0000000, 0x00000000c5580000, 0x00000000eab00000)
  object space 87552K, 0% used [0x00000000c0000000,0x00000000c0065650,0x00000000c5580000)
 Metaspace       used 5895K, capacity 6832K, committed 7040K, reserved 1056768K
  class space    used 602K, capacity 616K, committed 640K, reserved 1048576K
}
Event: 1.206 GC heap before
{Heap before GC invocations=2 (full 0):
 PSYoungGen      total 38400K, used 38386K [0x00000000eab00000, 0x00000000ef600000, 0x0000000100000000)
  eden space 33280K, 100% used [0x00000000eab00000,0x00000000ecb80000,0x00000000ecb80000)
  from space 5120K, 99% used [0x00000000ecb80000,0x00000000ed07c8d8,0x00000000ed080000)
  to   space 5120K, 0% used [0x00000000ef100000,0x00000000ef100000,0x00000000ef600000)
 ParOldGen       total 87552K, used 405K [0x00000000c0000000, 0x00000000c5580000, 0x00000000eab00000)
  object space 87552K, 0% used [0x00000000c0000000,0x00000000c0065650,0x00000000c5580000)
 Metaspace       used 6140K, capacity 7026K, committed 7296K, reserved 1056768K
  class space    used 604K, capacity 618K, committed 640K, reserved 1048576K
Event: 1.227 GC heap after
Heap after GC invocations=2 (full 0):
 PSYoungGen      total 71680K, used 5103K [0x00000000eab00000, 0x00000000ef600000, 0x0000000100000000)
  eden space 66560K, 0% used [0x00000000eab00000,0x00000000eab00000,0x00000000eec00000)
  from space 5120K, 99% used [0x00000000ef100000,0x00000000ef5fbe88,0x00000000ef600000)
  to   space 5120K, 0% used [0x00000000eec00000,0x00000000eec00000,0x00000000ef100000)
 ParOldGen       total 87552K, used 3484K [0x00000000c0000000, 0x00000000c5580000, 0x00000000eab00000)
  object space 87552K, 3% used [0x00000000c0000000,0x00000000c0367018,0x00000000c5580000)
 Metaspace       used 6140K, capacity 7026K, committed 7296K, reserved 1056768K
  class space    used 604K, capacity 618K, committed 640K, reserved 1048576K
}
Event: 2.906 GC heap before
{Heap before GC invocations=3 (full 0):
 PSYoungGen      total 71680K, used 71663K [0x00000000eab00000, 0x00000000ef600000, 0x0000000100000000)
  eden space 66560K, 100% used [0x00000000eab00000,0x00000000eec00000,0x00000000eec00000)
  from space 5120K, 99% used [0x00000000ef100000,0x00000000ef5fbe88,0x00000000ef600000)
  to   space 5120K, 0% used [0x00000000eec00000,0x00000000eec00000,0x00000000ef100000)
 ParOldGen       total 87552K, used 3484K [0x00000000c0000000, 0x00000000c5580000, 0x00000000eab00000)
  object space 87552K, 3% used [0x00000000c0000000,0x00000000c0367018,0x00000000c5580000)
 Metaspace       used 6268K, capacity 7154K, committed 7296K, reserved 1056768K
  class space    used 606K, capacity 618K, committed 640K, reserved 1048576K
Event: 3.115 GC heap after
Heap after GC invocations=3 (full 0):
 PSYoungGen      total 71680K, used 5089K [0x00000000eab00000, 0x00000000f3700000, 0x0000000100000000)
  eden space 66560K, 0% used [0x00000000eab00000,0x00000000eab00000,0x00000000eec00000)
  from space 5120K, 99% used [0x00000000eec00000,0x00000000ef0f85b0,0x00000000ef100000)
  to   space 5120K, 0% used [0x00000000f3200000,0x00000000f3200000,0x00000000f3700000)
 ParOldGen       total 87552K, used 12611K [0x00000000c0000000, 0x00000000c5580000, 0x00000000eab00000)
  object space 87552K, 14% used [0x00000000c0000000,0x00000000c0c50f40,0x00000000c5580000)
 Metaspace       used 6268K, capacity 7154K, committed 7296K, reserved 1056768K
  class space    used 606K, capacity 618K, committed 640K, reserved 1048576K
}

Deoptimization events (10 events):
Event: 1.345 Thread 0x0000000017d9c800 Uncommon trap: reason=unstable_if action=reinterpret pc=0x00000000035fb09c method=com.android.dx.rop.code.RegisterSpecSet.put(Lcom/android/dx/rop/code/RegisterSpec;)V @ 77
Event: 1.349 Thread 0x0000000017d9c800 Uncommon trap: reason=unstable_if action=reinterpret pc=0x0000000003484d20 method=com.android.dx.rop.code.RegisterSpec.equals(ILcom/android/dx/rop/type/TypeBearer;Lcom/android/dx/rop/code/LocalItem;)Z @ 42
Event: 1.367 Thread 0x0000000017d9c800 Uncommon trap: reason=bimorphic action=maybe_recompile pc=0x0000000003464bc0 method=java.util.HashMap.getNode(ILjava/lang/Object;)Ljava/util/HashMap$Node; @ 126
Event: 1.367 Thread 0x0000000017d9c800 Uncommon trap: reason=bimorphic action=maybe_recompile pc=0x0000000003464bc0 method=java.util.HashMap.getNode(ILjava/lang/Object;)Ljava/util/HashMap$Node; @ 126
Event: 1.367 Thread 0x0000000017d9c800 Uncommon trap: reason=bimorphic action=maybe_recompile pc=0x0000000003282f9c method=java.util.HashMap.getNode(ILjava/lang/Object;)Ljava/util/HashMap$Node; @ 126
Event: 1.367 Thread 0x0000000017d9c800 Uncommon trap: reason=bimorphic action=maybe_recompile pc=0x0000000003282f9c method=java.util.HashMap.getNode(ILjava/lang/Object;)Ljava/util/HashMap$Node; @ 126
Event: 1.367 Thread 0x0000000017d9c800 Uncommon trap: reason=class_check action=maybe_recompile pc=0x000000000348ba08 method=java.util.HashMap.putVal(ILjava/lang/Object;Ljava/lang/Object;ZZ)Ljava/lang/Object; @ 203
Event: 1.367 Thread 0x0000000017d9c800 Uncommon trap: reason=bimorphic action=maybe_recompile pc=0x0000000003464bc0 method=java.util.HashMap.getNode(ILjava/lang/Object;)Ljava/util/HashMap$Node; @ 126
Event: 1.831 Thread 0x0000000017d92800 Uncommon trap: reason=unstable_if action=reinterpret pc=0x000000000363f404 method=com.android.dx.ssa.SCCP.simulateBranch(Lcom/android/dx/ssa/SsaInsn;)V @ 64
Event: 1.832 Thread 0x0000000017d92800 Uncommon trap: reason=unstable_if action=reinterpret pc=0x000000000343f79c method=com.android.dx.ssa.SsaMethod.updateOneDefinition(Lcom/android/dx/ssa/SsaInsn;Lcom/android/dx/rop/code/RegisterSpec;)V @ 4

Internal exceptions (3 events):
Event: 0.045 Thread 0x0000000002f2e000 Exception <a 'java/lang/NoSuchMethodError': Method sun.misc.Unsafe.defineClass(Ljava/lang/String;[BII)Ljava/lang/Class; name or signature does not match> (0x00000000eab07cc0) thrown at [C:\re\workspace\8-2-build-windows-amd64-cygwin\jdk8u91\6644\hotspot\sr gJmÿß?
Event: 0.045 Thread 0x0000000002f2e000 Exception <a 'java/lang/NoSuchMethodError': Method sun.misc.Unsafe.prefetchRead(Ljava/lang/Object;J)V name or signature does not match> (0x00000000eab07fa8) thrown at [C:\re\workspace\8-2-build-windows-amd64-cygwin\jdk8u91\6644\hotspot\src\share\vm\prims\j∂âî¶õÏ?
Event: 0.876 Thread 0x0000000017d81800 Implicit null exception at 0x00000000033a11a2 to 0x00000000033a12a1

Events (10 events):
Event: 1.832 loading class com/android/dx/rop/code/RegOps done
Event: 1.832 Thread 0x0000000017d92800 Uncommon trap: trap_request=0xffffff65 fr.pc=0x000000000343f79c
Event: 1.832 Thread 0x0000000017d92800 DEOPT PACKING pc=0x000000000343f79c sp=0x00000000193ee370
Event: 1.832 Thread 0x0000000017d92800 DEOPT UNPACKING pc=0x000000000307582a sp=0x00000000193ee318 mode 2
Event: 1.862 Thread 0x0000000017d97800 DEOPT PACKING pc=0x0000000003463d75 sp=0x00000000194eed80
Event: 1.862 Thread 0x0000000017d97800 DEOPT UNPACKING pc=0x000000000307787f sp=0x00000000194eea70 mode 0
Event: 2.617 loading class com/android/dx/rop/code/RegisterSpec$1
Event: 2.617 loading class com/android/dx/rop/code/RegisterSpec$1 done
Event: 2.906 Executing VM operation: ParallelGCFailedAllocation
Event: 3.115 Executing VM operation: ParallelGCFailedAllocation done


Dynamic libraries:
0x00007ff6495a0000 - 0x00007ff6495d7000 	C:\Program Files\Java\jdk1.8.0_91\bin\java.exe
0x00007ffd2adf0000 - 0x00007ffd2afb1000 	C:\WINDOWS\SYSTEM32\ntdll.dll
0x00007ffd2a380000 - 0x00007ffd2a42d000 	C:\WINDOWS\system32\KERNEL32.DLL
0x00007ffd27ec0000 - 0x00007ffd280a8000 	C:\WINDOWS\system32\KERNELBASE.dll
0x00007ffd2aca0000 - 0x00007ffd2ad47000 	C:\WINDOWS\system32\ADVAPI32.dll
0x00007ffd2ad50000 - 0x00007ffd2aded000 	C:\WINDOWS\system32\msvcrt.dll
0x00007ffd282c0000 - 0x00007ffd2831b000 	C:\WINDOWS\system32\sechost.dll
0x00007ffd2a440000 - 0x00007ffd2a55c000 	C:\WINDOWS\system32\RPCRT4.dll
0x00007ffd29c30000 - 0x00007ffd29d86000 	C:\WINDOWS\system32\USER32.dll
0x00007ffd2a040000 - 0x00007ffd2a1c6000 	C:\WINDOWS\system32\GDI32.dll
0x00007ffd22b50000 - 0x00007ffd22dc4000 	C:\WINDOWS\WinSxS\amd64_microsoft.windows.common-controls_6595b64144ccf1df_6.0.10586.0_none_8c15ae12515e1c22\COMCTL32.dll
0x00007ffd2aa10000 - 0x00007ffd2ac8d000 	C:\WINDOWS\system32\combase.dll
0x00007ffd27500000 - 0x00007ffd2756a000 	C:\WINDOWS\system32\bcryptPrimitives.dll
0x00007ffd29d90000 - 0x00007ffd29dcb000 	C:\WINDOWS\system32\IMM32.DLL
0x000000005fda0000 - 0x000000005fe72000 	C:\Program Files\Java\jdk1.8.0_91\jre\bin\msvcr100.dll
0x000000005e8f0000 - 0x000000005f183000 	C:\Program Files\Java\jdk1.8.0_91\jre\bin\server\jvm.dll
0x00007ffd2ac90000 - 0x00007ffd2ac98000 	C:\WINDOWS\system32\PSAPI.DLL
0x00007ffd25ae0000 - 0x00007ffd25ae9000 	C:\WINDOWS\SYSTEM32\WSOCK32.dll
0x00007ffd29bc0000 - 0x00007ffd29c2b000 	C:\WINDOWS\system32\WS2_32.dll
0x00007ffd25710000 - 0x00007ffd25733000 	C:\WINDOWS\SYSTEM32\WINMM.dll
0x00007ffd22dd0000 - 0x00007ffd22dda000 	C:\WINDOWS\SYSTEM32\VERSION.dll
0x00007ffd255f0000 - 0x00007ffd2561c000 	C:\WINDOWS\SYSTEM32\WINMMBASE.dll
0x00007ffd27650000 - 0x00007ffd27693000 	C:\WINDOWS\system32\cfgmgr32.dll
0x000000005fd90000 - 0x000000005fd9f000 	C:\Program Files\Java\jdk1.8.0_91\jre\bin\verify.dll
0x000000005fd60000 - 0x000000005fd89000 	C:\Program Files\Java\jdk1.8.0_91\jre\bin\java.dll
0x000000005fd40000 - 0x000000005fd56000 	C:\Program Files\Java\jdk1.8.0_91\jre\bin\zip.dll
0x00007ffd28600000 - 0x00007ffd29b5c000 	C:\WINDOWS\system32\SHELL32.dll
0x00007ffd276a0000 - 0x00007ffd27ce4000 	C:\WINDOWS\system32\windows.storage.dll
0x00007ffd281f0000 - 0x00007ffd28242000 	C:\WINDOWS\system32\shlwapi.dll
0x00007ffd27460000 - 0x00007ffd2746f000 	C:\WINDOWS\system32\kernel.appcore.dll
0x00007ffd27570000 - 0x00007ffd27625000 	C:\WINDOWS\system32\shcore.dll
0x00007ffd27410000 - 0x00007ffd2745b000 	C:\WINDOWS\system32\powrprof.dll
0x00007ffd27480000 - 0x00007ffd27494000 	C:\WINDOWS\system32\profapi.dll

VM Arguments:
jvm_args: -Djava.awt.headless=true -Xmx1024M -Dfile.encoding=windows-1252 -Duser.country=CA -Duser.language=en -Duser.variant 
java_command: com.android.dx.command.Main --dex --num-threads=4 --output C:\Users\Kevin's Playtime\Desktop\pomodoro\app\build\intermediates\pre-dexed\debug\com.android.support-support-v4-23.4.0_04f33e76aa0b6a5525f10974be74124c16f0afd3.jar C:\Users\Kevin's Playtime\Desktop\pomodoro\app\build\intermediates\exploded-aar\com.android.support\support-v4\23.4.0\jars\classes.jar
java_class_path (initial): C:\Android\sdk\build-tools\23.0.2\lib\dx.jar
Launcher Type: SUN_STANDARD

Environment Variables:
JAVA_HOME=C:\Program Files\Java\jdk1.7.0_67
PATH=C:\ProgramData\Oracle\Java\javapath;C:\Program Files (x86)\Caminova\Document Express DjVu Plug-in\;c:\Program Files (x86)\Intel\iCLS Client\;c:\Program Files\Intel\iCLS Client\;C:\WINDOWS\system32;C:\WINDOWS;C:\WINDOWS\System32\Wbem;C:\WINDOWS\System32\WindowsPowerShell\v1.0\;C:\Program Files\Intel\Intel(R) Management Engine Components\DAL;C:\Program Files\Intel\Intel(R) Management Engine Components\IPT;C:\Program Files (x86)\Intel\Intel(R) Management Engine Components\DAL;C:\Program Files (x86)\Intel\Intel(R) Management Engine Components\IPT;C:\Program Files (x86)\Windows Live\Shared;C:\Program Files (x86)\Skype\Phone\;C:\Program Files\nodejs\;C:\WINDOWS\system32\config\systemprofile\.dnx\bin;C:\Program Files\Microsoft DNX\Dnvm\;C:\Program Files (x86)\Windows Kits\8.1\Windows Performance Toolkit\;C:\Program Files\Microsoft SQL Server\130\Tools\Binn\;C:\Program Files (x86)\QuickTime\QTSystem\;C:\Program Files\Git\cmd;C:\Users\Kevin's Playtime\AppData\Local\Programs\Python\Python35-32\Scripts\;C:\Users\Kevin's Playtime\AppData\Local\Programs\Python\Python35-32\;c:\users\kevin's playtime\appdata\local\enthought\canopy\user\scripts;C:\Users\Kevin's Playtime\AppData\Local\Enthought\Canopy\User;C:\Users\Kevin's Playtime\AppData\Local\Enthought\Canopy\User\Scripts;C:\Users\Kevin's Playtime\AppData\Roaming\npm
USERNAME=Kevin
OS=Windows_NT
PROCESSOR_IDENTIFIER=Intel64 Family 6 Model 58 Stepping 9, GenuineIntel



---------------  S Y S T E M  ---------------

OS: Windows 10.0 , 64 bit Build 10586 (10.0.10586.0)

CPU:total 8 (4 cores per cpu, 2 threads per core) family 6 model 58 stepping 9, cmov, cx8, fxsr, mmx, sse, sse2, sse3, ssse3, sse4.1, sse4.2, popcnt, avx, aes, clmul, erms, ht, tsc, tscinvbit, tscinv

Memory: 4k page, physical 8318812k(1592792k free), swap 12513116k(5880k free)

vm_info: Java HotSpot(TM) 64-Bit Server VM (25.91-b14) for windows-amd64 JRE (1.8.0_91-b14), built on Apr  1 2016 00:58:32 by "java_re" with MS VC++ 10.0 (VS2010)

time: Thu Aug 18 16:09:34 2016
elapsed time: 3 seconds (0d 0h 0m 3s)

