#
# There is insufficient memory for the Java Runtime Environment to continue.
# Native memory allocation (malloc) failed to allocate 1394896 bytes for Chunk::new
# Possible reasons:
#   The system is out of physical RAM or swap space
#   In 32 bit mode, the process size limit was hit
# Possible solutions:
#   Reduce memory load on the system
#   Increase physical memory or swap space
#   Check if swap backing store is full
#   Use 64 bit Java on a 64 bit OS
#   Decrease Java heap size (-Xmx/-Xms)
#   Decrease number of Java threads
#   Decrease Java thread stack sizes (-Xss)
#   Set larger code cache with -XX:ReservedCodeCacheSize=
# This output file may be truncated or incomplete.
#
#  Out of Memory Error (allocation.cpp:390), pid=6988, tid=29084
#
# JRE version: Java(TM) SE Runtime Environment (8.0_91-b14) (build 1.8.0_91-b14)
# Java VM: Java HotSpot(TM) 64-Bit Server VM (25.91-b14 mixed mode windows-amd64 compressed oops)
# Failed to write core dump. Minidumps are not enabled by default on client versions of Windows
#

---------------  T H R E A D  ---------------

Current thread (0x000000001799c000):  JavaThread "C2 CompilerThread0" daemon [_thread_in_native, id=29084, stack(0x0000000018150000,0x0000000018250000)]

Stack: [0x0000000018150000,0x0000000018250000]
[error occurred during error reporting (printing stack bounds), id 0xc0000005]

Native frames: (J=compiled Java code, j=interpreted, Vv=VM code, C=native code)


Current CompileTask:
C2:   2500 1409   !   4       com.android.dx.cf.code.BytecodeArray::parseInstruction (2764 bytes)


---------------  P R O C E S S  ---------------

Java Threads: ( => current thread )
  0x0000000017ba3000 JavaThread "pool-1-thread-4" [_thread_blocked, id=15468, stack(0x0000000018b50000,0x0000000018c50000)]
  0x0000000017b81800 JavaThread "pool-1-thread-3" [_thread_blocked, id=19260, stack(0x0000000018a50000,0x0000000018b50000)]
  0x0000000017b8c000 JavaThread "pool-1-thread-2" [_thread_blocked, id=22048, stack(0x0000000018950000,0x0000000018a50000)]
  0x0000000017b7e800 JavaThread "pool-2-thread-1" [_thread_blocked, id=20620, stack(0x0000000018850000,0x0000000018950000)]
  0x0000000017b7e000 JavaThread "pool-1-thread-1" [_thread_blocked, id=25852, stack(0x0000000018750000,0x0000000018850000)]
  0x0000000017a48800 JavaThread "Service Thread" daemon [_thread_blocked, id=16032, stack(0x0000000018550000,0x0000000018650000)]
  0x00000000179b2800 JavaThread "C1 CompilerThread3" daemon [_thread_blocked, id=27572, stack(0x0000000018450000,0x0000000018550000)]
  0x00000000179ad000 JavaThread "C2 CompilerThread2" daemon [_thread_in_native, id=252, stack(0x0000000018350000,0x0000000018450000)]
  0x000000001799f800 JavaThread "C2 CompilerThread1" daemon [_thread_blocked, id=26124, stack(0x0000000018250000,0x0000000018350000)]
=>0x000000001799c000 JavaThread "C2 CompilerThread0" daemon [_thread_in_native, id=29084, stack(0x0000000018150000,0x0000000018250000)]
  0x0000000017998800 JavaThread "Attach Listener" daemon [_thread_blocked, id=14228, stack(0x0000000018050000,0x0000000018150000)]
  0x0000000017997000 JavaThread "Signal Dispatcher" daemon [_thread_blocked, id=26516, stack(0x0000000017f50000,0x0000000018050000)]
  0x0000000002f6d800 JavaThread "Finalizer" daemon [_thread_blocked, id=9420, stack(0x0000000017d70000,0x0000000017e70000)]
  0x0000000015a8d800 JavaThread "Reference Handler" daemon [_thread_blocked, id=13508, stack(0x0000000017870000,0x0000000017970000)]
  0x0000000002c4e000 JavaThread "main" [_thread_blocked, id=10788, stack(0x0000000002d70000,0x0000000002e70000)]

Other Threads:
  0x0000000015a88800 VMThread [stack: 0x0000000017770000,0x0000000017870000] [id=18764]
  0x0000000017a4b000 WatcherThread [stack: 0x0000000018650000,0x0000000018750000] [id=4100]

VM state:not at safepoint (normal execution)

VM Mutex/Monitor currently owned by a thread: None

Heap:
 PSYoungGen      total 38400K, used 13227K [0x00000000eab00000, 0x00000000ef600000, 0x0000000100000000)
  eden space 33280K, 24% used [0x00000000eab00000,0x00000000eb2ef958,0x00000000ecb80000)
  from space 5120K, 99% used [0x00000000ecb80000,0x00000000ed07b330,0x00000000ed080000)
  to   space 5120K, 0% used [0x00000000ef100000,0x00000000ef100000,0x00000000ef600000)
 ParOldGen       total 87552K, used 2838K [0x00000000c0000000, 0x00000000c5580000, 0x00000000eab00000)
  object space 87552K, 3% used [0x00000000c0000000,0x00000000c02c5a50,0x00000000c5580000)
 Metaspace       used 5936K, capacity 7024K, committed 7296K, reserved 1056768K
  class space    used 584K, capacity 616K, committed 640K, reserved 1048576K

Card table byte_map: [0x0000000012330000,0x0000000012540000] byte_map_base: 0x0000000011d30000

Marking Bits: (ParMarkBitMap*) 0x000000005f102f70
 Begin Bits: [0x0000000012ea0000, 0x0000000013ea0000)
 End Bits:   [0x0000000013ea0000, 0x0000000014ea0000)

Polling page: 0x0000000001410000

CodeCache: size=245760Kb used=6089Kb max_used=6089Kb free=239670Kb
 bounds [0x0000000002f70000, 0x0000000003570000, 0x0000000011f70000]
 total_blobs=1678 nmethods=1416 adapters=175
 compilation: enabled

Compilation events (10 events):
Event: 2.466 Thread 0x000000001799f800 nmethod 1403 0x000000000355e850 code [0x000000000355ed20, 0x0000000003561590]
Event: 2.474 Thread 0x00000000179b2800 1414       3       com.android.dx.cf.attrib.InnerClassList::set (19 bytes)
Event: 2.474 Thread 0x00000000179b2800 nmethod 1414 0x0000000003539a90 code [0x0000000003539c80, 0x000000000353a558]
Event: 2.476 Thread 0x00000000179b2800 1415   !   3       com.android.dx.dex.cf.CfTranslator::processFields (251 bytes)
Event: 2.480 Thread 0x00000000179b2800 nmethod 1415 0x0000000003566c50 code [0x0000000003567160, 0x000000000356a568]
Event: 2.483 Thread 0x00000000179b2800 1416       3       com.android.dx.rop.type.Type::getComponentType (70 bytes)
Event: 2.484 Thread 0x00000000179b2800 nmethod 1416 0x000000000353cd90 code [0x000000000353cfa0, 0x000000000353dac8]
Event: 2.484 Thread 0x00000000179ad000 1417       4       com.android.dx.ssa.LocalVariableExtractor::processBlock (383 bytes)
Event: 2.487 Thread 0x00000000179b2800 1418       3       com.android.dx.ssa.SsaMethod::onInsnRemoved (43 bytes)
Event: 2.487 Thread 0x00000000179b2800 nmethod 1418 0x000000000353b810 code [0x000000000353b9a0, 0x000000000353bf58]

GC Heap History (2 events):
Event: 1.431 GC heap before
{Heap before GC invocations=1 (full 0):
 PSYoungGen      total 38400K, used 33280K [0x00000000eab00000, 0x00000000ed580000, 0x0000000100000000)
  eden space 33280K, 100% used [0x00000000eab00000,0x00000000ecb80000,0x00000000ecb80000)
  from space 5120K, 0% used [0x00000000ed080000,0x00000000ed080000,0x00000000ed580000)
  to   space 5120K, 0% used [0x00000000ecb80000,0x00000000ecb80000,0x00000000ed080000)
 ParOldGen       total 87552K, used 0K [0x00000000c0000000, 0x00000000c5580000, 0x00000000eab00000)
  object space 87552K, 0% used [0x00000000c0000000,0x00000000c0000000,0x00000000c5580000)
 Metaspace       used 5844K, capacity 6960K, committed 7040K, reserved 1056768K
  class space    used 584K, capacity 616K, committed 640K, reserved 1048576K
Event: 1.495 GC heap after
Heap after GC invocations=1 (full 0):
 PSYoungGen      total 38400K, used 5100K [0x00000000eab00000, 0x00000000ef600000, 0x0000000100000000)
  eden space 33280K, 0% used [0x00000000eab00000,0x00000000eab00000,0x00000000ecb80000)
  from space 5120K, 99% used [0x00000000ecb80000,0x00000000ed07b330,0x00000000ed080000)
  to   space 5120K, 0% used [0x00000000ef100000,0x00000000ef100000,0x00000000ef600000)
 ParOldGen       total 87552K, used 2838K [0x00000000c0000000, 0x00000000c5580000, 0x00000000eab00000)
  object space 87552K, 3% used [0x00000000c0000000,0x00000000c02c5a50,0x00000000c5580000)
 Metaspace       used 5844K, capacity 6960K, committed 7040K, reserved 1056768K
  class space    used 584K, capacity 616K, committed 640K, reserved 1048576K
}

Deoptimization events (10 events):
Event: 1.217 Thread 0x0000000017b7e000 Uncommon trap: reason=class_check action=maybe_recompile pc=0x00000000032dd8d4 method=com.android.dx.ssa.NormalSsaInsn.accept(Lcom/android/dx/ssa/SsaInsn$Visitor;)V @ 9
Event: 1.217 Thread 0x0000000017b7e000 Uncommon trap: reason=class_check action=maybe_recompile pc=0x00000000032dd8d4 method=com.android.dx.ssa.NormalSsaInsn.accept(Lcom/android/dx/ssa/SsaInsn$Visitor;)V @ 9
Event: 1.222 Thread 0x0000000017b7e000 Uncommon trap: reason=class_check action=maybe_recompile pc=0x00000000032dd420 method=com.android.dx.rop.type.Type.equals(Ljava/lang/Object;)Z @ 8
Event: 1.222 Thread 0x0000000017b7e000 Uncommon trap: reason=unstable_if action=reinterpret pc=0x000000000333a7c8 method=com.android.dx.rop.code.RegisterSpec.equals(ILcom/android/dx/rop/type/TypeBearer;Lcom/android/dx/rop/code/LocalItem;)Z @ 16
Event: 1.222 Thread 0x0000000017b7e000 Uncommon trap: reason=class_check action=maybe_recompile pc=0x00000000032dd420 method=com.android.dx.rop.type.Type.equals(Ljava/lang/Object;)Z @ 8
Event: 1.225 Thread 0x0000000002c4e000 Uncommon trap: reason=class_check action=maybe_recompile pc=0x00000000032dd420 method=com.android.dx.rop.type.Type.equals(Ljava/lang/Object;)Z @ 8
Event: 1.225 Thread 0x0000000017b7e000 Uncommon trap: reason=class_check action=maybe_recompile pc=0x00000000032dd420 method=com.android.dx.rop.type.Type.equals(Ljava/lang/Object;)Z @ 8
Event: 1.227 Thread 0x0000000017b7e000 Uncommon trap: reason=unstable_if action=reinterpret pc=0x00000000032dfa28 method=com.android.dx.rop.code.RegisterSpec.equals(ILcom/android/dx/rop/type/TypeBearer;Lcom/android/dx/rop/code/LocalItem;)Z @ 16
Event: 1.291 Thread 0x0000000017b8c000 Uncommon trap: reason=uninitialized action=reinterpret pc=0x0000000003385794 method=com.android.dx.cf.code.BytecodeArray.parseInstruction(ILcom/android/dx/cf/code/BytecodeArray$Visitor;)I @ 871
Event: 1.343 Thread 0x0000000017b8c000 Uncommon trap: reason=unstable_if action=reinterpret pc=0x00000000033c5578 method=com.android.dx.cf.code.Ropper.labelToResultIndex(I)I @ 34

Internal exceptions (2 events):
Event: 0.035 Thread 0x0000000002c4e000 Exception <a 'java/lang/NoSuchMethodError': Method sun.misc.Unsafe.defineClass(Ljava/lang/String;[BII)Ljava/lang/Class; name or signature does not match> (0x00000000eab07cc0) thrown at [C:\re\workspace\8-2-build-windows-amd64-cygwin\jdk8u91\6644\hotspot\srÅš•Ó-¢?
Event: 0.036 Thread 0x0000000002c4e000 Exception <a 'java/lang/NoSuchMethodError': Method sun.misc.Unsafe.prefetchRead(Ljava/lang/Object;J)V name or signature does not match> (0x00000000eab07fa8) thrown at [C:\re\workspace\8-2-build-windows-amd64-cygwin\jdk8u91\6644\hotspot\src\share\vm\prims\j

Events (10 events):
Event: 1.343 Thread 0x0000000017b8c000 DEOPT PACKING pc=0x00000000033c5578 sp=0x0000000018a4eb90
Event: 1.343 Thread 0x0000000017b8c000 DEOPT UNPACKING pc=0x0000000002fb582a sp=0x0000000018a4eb38 mode 2
Event: 1.358 loading class com/android/dx/cf/code/SwitchList
Event: 1.358 loading class com/android/dx/cf/code/SwitchList done
Event: 1.399 loading class java/util/DualPivotQuicksort
Event: 1.399 loading class java/util/DualPivotQuicksort done
Event: 1.429 Executing VM operation: ParallelGCFailedAllocation
Event: 1.495 Executing VM operation: ParallelGCFailedAllocation done
Event: 1.541 Thread 0x0000000017b7e000 DEOPT PACKING pc=0x000000000329472d sp=0x000000001884e6b0
Event: 1.541 Thread 0x0000000017b7e000 DEOPT UNPACKING pc=0x0000000002fb787f sp=0x000000001884e448 mode 0


Dynamic libraries:
0x00007ff6495a0000 - 0x00007ff6495d7000 	C:\Program Files\Java\jdk1.8.0_91\bin\java.exe
0x00007ffd2adf0000 - 0x00007ffd2afb1000 	C:\WINDOWS\SYSTEM32\ntdll.dll
0x00007ffd2a380000 - 0x00007ffd2a42d000 	C:\WINDOWS\system32\KERNEL32.DLL
0x00007ffd27ec0000 - 0x00007ffd280a8000 	C:\WINDOWS\system32\KERNELBASE.dll
0x00007ffd2aca0000 - 0x00007ffd2ad47000 	C:\WINDOWS\system32\ADVAPI32.dll
0x00007ffd2ad50000 - 0x00007ffd2aded000 	C:\WINDOWS\system32\msvcrt.dll
0x00007ffd282c0000 - 0x00007ffd2831b000 	C:\WINDOWS\system32\sechost.dll
0x00007ffd2a440000 - 0x00007ffd2a55c000 	C:\WINDOWS\system32\RPCRT4.dll
0x00007ffd29c30000 - 0x00007ffd29d86000 	C:\WINDOWS\system32\USER32.dll
0x00007ffd2a040000 - 0x00007ffd2a1c6000 	C:\WINDOWS\system32\GDI32.dll
0x00007ffd22b50000 - 0x00007ffd22dc4000 	C:\WINDOWS\WinSxS\amd64_microsoft.windows.common-controls_6595b64144ccf1df_6.0.10586.0_none_8c15ae12515e1c22\COMCTL32.dll
0x00007ffd2aa10000 - 0x00007ffd2ac8d000 	C:\WINDOWS\system32\combase.dll
0x00007ffd27500000 - 0x00007ffd2756a000 	C:\WINDOWS\system32\bcryptPrimitives.dll
0x00007ffd29d90000 - 0x00007ffd29dcb000 	C:\WINDOWS\system32\IMM32.DLL
0x000000005fda0000 - 0x000000005fe72000 	C:\Program Files\Java\jdk1.8.0_91\jre\bin\msvcr100.dll
0x000000005e8f0000 - 0x000000005f183000 	C:\Program Files\Java\jdk1.8.0_91\jre\bin\server\jvm.dll
0x00007ffd2ac90000 - 0x00007ffd2ac98000 	C:\WINDOWS\system32\PSAPI.DLL
0x00007ffd22dd0000 - 0x00007ffd22dda000 	C:\WINDOWS\SYSTEM32\VERSION.dll
0x00007ffd25710000 - 0x00007ffd25733000 	C:\WINDOWS\SYSTEM32\WINMM.dll
0x00000000013e0000 - 0x000000000140c000 	C:\WINDOWS\SYSTEM32\WINMMBASE.dll
0x00007ffd25ae0000 - 0x00007ffd25ae9000 	C:\WINDOWS\SYSTEM32\WSOCK32.dll
0x00007ffd29bc0000 - 0x00007ffd29c2b000 	C:\WINDOWS\system32\WS2_32.dll
0x00007ffd27650000 - 0x00007ffd27693000 	C:\WINDOWS\system32\cfgmgr32.dll
0x000000005fd90000 - 0x000000005fd9f000 	C:\Program Files\Java\jdk1.8.0_91\jre\bin\verify.dll
0x000000005fd60000 - 0x000000005fd89000 	C:\Program Files\Java\jdk1.8.0_91\jre\bin\java.dll
0x000000005fd40000 - 0x000000005fd56000 	C:\Program Files\Java\jdk1.8.0_91\jre\bin\zip.dll
0x00007ffd28600000 - 0x00007ffd29b5c000 	C:\WINDOWS\system32\SHELL32.dll
0x00007ffd276a0000 - 0x00007ffd27ce4000 	C:\WINDOWS\system32\windows.storage.dll
0x00007ffd281f0000 - 0x00007ffd28242000 	C:\WINDOWS\system32\shlwapi.dll
0x00007ffd27460000 - 0x00007ffd2746f000 	C:\WINDOWS\system32\kernel.appcore.dll
0x00007ffd27570000 - 0x00007ffd27625000 	C:\WINDOWS\system32\shcore.dll
0x00007ffd27410000 - 0x00007ffd2745b000 	C:\WINDOWS\system32\powrprof.dll
0x00007ffd27480000 - 0x00007ffd27494000 	C:\WINDOWS\system32\profapi.dll

VM Arguments:
jvm_args: -Djava.awt.headless=true -Xmx1024M -Dfile.encoding=windows-1252 -Duser.country=CA -Duser.language=en -Duser.variant 
java_command: com.android.dx.command.Main --dex --num-threads=4 --output C:\Users\Kevin's Playtime\Desktop\pomodoro\app\build\intermediates\pre-dexed\debug\debug_793f0941b1f394c1c7318268a23c423969ea0503.jar C:\Users\Kevin's Playtime\Desktop\pomodoro\app\build\intermediates\classes\debug
java_class_path (initial): C:\Android\sdk\build-tools\23.0.2\lib\dx.jar
Launcher Type: SUN_STANDARD

Environment Variables:
JAVA_HOME=C:\Program Files\Java\jdk1.7.0_67
PATH=C:\ProgramData\Oracle\Java\javapath;C:\Program Files (x86)\Caminova\Document Express DjVu Plug-in\;c:\Program Files (x86)\Intel\iCLS Client\;c:\Program Files\Intel\iCLS Client\;C:\WINDOWS\system32;C:\WINDOWS;C:\WINDOWS\System32\Wbem;C:\WINDOWS\System32\WindowsPowerShell\v1.0\;C:\Program Files\Intel\Intel(R) Management Engine Components\DAL;C:\Program Files\Intel\Intel(R) Management Engine Components\IPT;C:\Program Files (x86)\Intel\Intel(R) Management Engine Components\DAL;C:\Program Files (x86)\Intel\Intel(R) Management Engine Components\IPT;C:\Program Files (x86)\Windows Live\Shared;C:\Program Files (x86)\Skype\Phone\;C:\Program Files\nodejs\;C:\WINDOWS\system32\config\systemprofile\.dnx\bin;C:\Program Files\Microsoft DNX\Dnvm\;C:\Program Files (x86)\Windows Kits\8.1\Windows Performance Toolkit\;C:\Program Files\Microsoft SQL Server\130\Tools\Binn\;C:\Program Files (x86)\QuickTime\QTSystem\;C:\Program Files\Git\cmd;C:\Users\Kevin's Playtime\AppData\Local\Programs\Python\Python35-32\Scripts\;C:\Users\Kevin's Playtime\AppData\Local\Programs\Python\Python35-32\;c:\users\kevin's playtime\appdata\local\enthought\canopy\user\scripts;C:\Users\Kevin's Playtime\AppData\Local\Enthought\Canopy\User;C:\Users\Kevin's Playtime\AppData\Local\Enthought\Canopy\User\Scripts;C:\Users\Kevin's Playtime\AppData\Roaming\npm
USERNAME=Kevin
OS=Windows_NT
PROCESSOR_IDENTIFIER=Intel64 Family 6 Model 58 Stepping 9, GenuineIntel



---------------  S Y S T E M  ---------------

OS: Windows 10.0 , 64 bit Build 10586 (10.0.10586.0)

CPU:total 8 (4 cores per cpu, 2 threads per core) family 6 model 58 stepping 9, cmov, cx8, fxsr, mmx, sse, sse2, sse3, ssse3, sse4.1, sse4.2, popcnt, avx, aes, clmul, erms, ht, tsc, tscinvbit, tscinv

Memory: 4k page, physical 8318812k(1564588k free), swap 12513116k(8252k free)

vm_info: Java HotSpot(TM) 64-Bit Server VM (25.91-b14) for windows-amd64 JRE (1.8.0_91-b14), built on Apr  1 2016 00:58:32 by "java_re" with MS VC++ 10.0 (VS2010)

time: Thu Aug 18 16:09:30 2016
elapsed time: 2 seconds (0d 0h 0m 2s)

