#
# There is insufficient memory for the Java Runtime Environment to continue.
# Native memory allocation (malloc) failed to allocate 32744 bytes for ChunkPool::allocate
# Possible reasons:
#   The system is out of physical RAM or swap space
#   In 32 bit mode, the process size limit was hit
# Possible solutions:
#   Reduce memory load on the system
#   Increase physical memory or swap space
#   Check if swap backing store is full
#   Use 64 bit Java on a 64 bit OS
#   Decrease Java heap size (-Xmx/-Xms)
#   Decrease number of Java threads
#   Decrease Java thread stack sizes (-Xss)
#   Set larger code cache with -XX:ReservedCodeCacheSize=
# This output file may be truncated or incomplete.
#
#  Out of Memory Error (allocation.cpp:273), pid=18028, tid=3896
#
# JRE version: Java(TM) SE Runtime Environment (8.0_91-b14) (build 1.8.0_91-b14)
# Java VM: Java HotSpot(TM) 64-Bit Server VM (25.91-b14 mixed mode windows-amd64 compressed oops)
# Failed to write core dump. Minidumps are not enabled by default on client versions of Windows
#

---------------  T H R E A D  ---------------

Current thread (0x00000000176aa000):  JavaThread "C1 CompilerThread3" daemon [_thread_in_native, id=3896, stack(0x0000000018150000,0x0000000018250000)]

Stack: [0x0000000018150000,0x0000000018250000]
[error occurred during error reporting (printing stack bounds), id 0xc0000005]

Native frames: (J=compiled Java code, j=interpreted, Vv=VM code, C=native code)


Current CompileTask:
C1:  15346 1502 %     3       com.android.dx.cf.code.Ropper::addExceptionSetupBlocks @ 8 (203 bytes)


---------------  P R O C E S S  ---------------

Java Threads: ( => current thread )
  0x0000000017984000 JavaThread "pool-1-thread-4" [_thread_blocked, id=16444, stack(0x0000000019050000,0x0000000019150000)]
  0x0000000017981000 JavaThread "pool-1-thread-3" [_thread_blocked, id=6188, stack(0x0000000018f50000,0x0000000019050000)]
  0x00000000179ce800 JavaThread "pool-1-thread-2" [_thread_blocked, id=8452, stack(0x0000000018e50000,0x0000000018f50000)]
  0x000000001849c800 JavaThread "pool-2-thread-1" [_thread_blocked, id=27180, stack(0x0000000018d50000,0x0000000018e50000)]
  0x000000001849b800 JavaThread "pool-1-thread-1" [_thread_blocked, id=6392, stack(0x0000000018c50000,0x0000000018d50000)]
  0x00000000176d7000 JavaThread "Service Thread" daemon [_thread_blocked, id=1936, stack(0x0000000018250000,0x0000000018350000)]
=>0x00000000176aa000 JavaThread "C1 CompilerThread3" daemon [_thread_in_native, id=3896, stack(0x0000000018150000,0x0000000018250000)]
  0x00000000176a7000 JavaThread "C2 CompilerThread2" daemon [_thread_in_native, id=136, stack(0x0000000018050000,0x0000000018150000)]
  0x000000001769f800 JavaThread "C2 CompilerThread1" daemon [_thread_in_native, id=23416, stack(0x0000000017f50000,0x0000000018050000)]
  0x000000001769a800 JavaThread "C2 CompilerThread0" daemon [_thread_in_native, id=23624, stack(0x0000000017e50000,0x0000000017f50000)]
  0x0000000017697800 JavaThread "Attach Listener" daemon [_thread_blocked, id=19740, stack(0x0000000017d50000,0x0000000017e50000)]
  0x000000001578e000 JavaThread "Signal Dispatcher" daemon [_thread_blocked, id=27456, stack(0x0000000017c50000,0x0000000017d50000)]
  0x0000000002c5e000 JavaThread "Finalizer" daemon [_thread_blocked, id=8100, stack(0x0000000017a70000,0x0000000017b70000)]
  0x000000001577d800 JavaThread "Reference Handler" daemon [_thread_blocked, id=28452, stack(0x0000000017570000,0x0000000017670000)]
  0x0000000002b5e000 JavaThread "main" [_thread_in_vm, id=4088, stack(0x00000000029a0000,0x0000000002aa0000)]

Other Threads:
  0x0000000015779000 VMThread [stack: 0x0000000017470000,0x0000000017570000] [id=25376]
  0x00000000176dc000 WatcherThread [stack: 0x0000000018350000,0x0000000018450000] [id=11184]

VM state:not at safepoint (normal execution)

VM Mutex/Monitor currently owned by a thread: None

Heap:
 PSYoungGen      total 38400K, used 16660K [0x00000000eab00000, 0x00000000ef600000, 0x0000000100000000)
  eden space 33280K, 34% used [0x00000000eab00000,0x00000000eb645980,0x00000000ecb80000)
  from space 5120K, 99% used [0x00000000ecb80000,0x00000000ed07f688,0x00000000ed080000)
  to   space 5120K, 0% used [0x00000000ef100000,0x00000000ef100000,0x00000000ef600000)
 ParOldGen       total 87552K, used 7938K [0x00000000c0000000, 0x00000000c5580000, 0x00000000eab00000)
  object space 87552K, 9% used [0x00000000c0000000,0x00000000c07c0a80,0x00000000c5580000)
 Metaspace       used 6137K, capacity 7026K, committed 7296K, reserved 1056768K
  class space    used 604K, capacity 618K, committed 640K, reserved 1048576K

Card table byte_map: [0x0000000012020000,0x0000000012230000] byte_map_base: 0x0000000011a20000

Marking Bits: (ParMarkBitMap*) 0x000000005f102f70
 Begin Bits: [0x0000000012b90000, 0x0000000013b90000)
 End Bits:   [0x0000000013b90000, 0x0000000014b90000)

Polling page: 0x0000000002840000

CodeCache: size=245760Kb used=5110Kb max_used=5110Kb free=240649Kb
 bounds [0x0000000002c60000, 0x0000000003170000, 0x0000000011c60000]
 total_blobs=1692 nmethods=1423 adapters=182
 compilation: enabled

Compilation events (10 events):
Event: 14.855 Thread 0x00000000176aa000 nmethod 1481 0x0000000003159a50 code [0x0000000003159e20, 0x000000000315b248]
Event: 14.855 Thread 0x00000000176aa000 1474       2       java.util.HashMap$HashIterator::<init> (79 bytes)
Event: 14.855 Thread 0x00000000176aa000 nmethod 1474 0x000000000315cf90 code [0x000000000315d100, 0x000000000315d370]
Event: 14.855 Thread 0x00000000176aa000 1482   !   2       com.android.dx.cf.direct.AttributeFactory::parse (248 bytes)
Event: 14.858 Thread 0x00000000176aa000 nmethod 1482 0x000000000315d490 code [0x000000000315d8a0, 0x000000000315f228]
Event: 14.858 Thread 0x00000000176aa000 1501       2       com.android.dx.rop.code.RegisterSpecSet::mutableCopy (57 bytes)
Event: 14.858 Thread 0x00000000176aa000 nmethod 1501 0x00000000031611d0 code [0x0000000003161340, 0x00000000031616a8]
Event: 14.858 Thread 0x00000000176aa000 1500   !   2       com.android.dx.rop.code.RegisterSpecSet::put (104 bytes)
Event: 14.859 Thread 0x00000000176aa000 nmethod 1500 0x0000000003161890 code [0x0000000003161a80, 0x0000000003162068]
Event: 14.859 Thread 0x00000000176aa000 1502 %     3       com.android.dx.cf.code.Ropper::addExceptionSetupBlocks @ 8 (203 bytes)

GC Heap History (6 events):
Event: 14.503 GC heap before
{Heap before GC invocations=1 (full 0):
 PSYoungGen      total 38400K, used 33280K [0x00000000eab00000, 0x00000000ed580000, 0x0000000100000000)
  eden space 33280K, 100% used [0x00000000eab00000,0x00000000ecb80000,0x00000000ecb80000)
  from space 5120K, 0% used [0x00000000ed080000,0x00000000ed080000,0x00000000ed580000)
  to   space 5120K, 0% used [0x00000000ecb80000,0x00000000ecb80000,0x00000000ed080000)
 ParOldGen       total 87552K, used 0K [0x00000000c0000000, 0x00000000c5580000, 0x00000000eab00000)
  object space 87552K, 0% used [0x00000000c0000000,0x00000000c0000000,0x00000000c5580000)
 Metaspace       used 5840K, capacity 6768K, committed 7040K, reserved 1056768K
  class space    used 602K, capacity 616K, committed 640K, reserved 1048576K
Event: 14.508 GC heap after
Heap after GC invocations=1 (full 0):
 PSYoungGen      total 38400K, used 5111K [0x00000000eab00000, 0x00000000ed580000, 0x0000000100000000)
  eden space 33280K, 0% used [0x00000000eab00000,0x00000000eab00000,0x00000000ecb80000)
  from space 5120K, 99% used [0x00000000ecb80000,0x00000000ed07dd10,0x00000000ed080000)
  to   space 5120K, 0% used [0x00000000ed080000,0x00000000ed080000,0x00000000ed580000)
 ParOldGen       total 87552K, used 357K [0x00000000c0000000, 0x00000000c5580000, 0x00000000eab00000)
  object space 87552K, 0% used [0x00000000c0000000,0x00000000c0059648,0x00000000c5580000)
 Metaspace       used 5840K, capacity 6768K, committed 7040K, reserved 1056768K
  class space    used 602K, capacity 616K, committed 640K, reserved 1048576K
}
Event: 14.668 GC heap before
{Heap before GC invocations=2 (full 0):
 PSYoungGen      total 38400K, used 38391K [0x00000000eab00000, 0x00000000ed580000, 0x0000000100000000)
  eden space 33280K, 100% used [0x00000000eab00000,0x00000000ecb80000,0x00000000ecb80000)
  from space 5120K, 99% used [0x00000000ecb80000,0x00000000ed07dd10,0x00000000ed080000)
  to   space 5120K, 0% used [0x00000000ed080000,0x00000000ed080000,0x00000000ed580000)
 ParOldGen       total 87552K, used 357K [0x00000000c0000000, 0x00000000c5580000, 0x00000000eab00000)
  object space 87552K, 0% used [0x00000000c0000000,0x00000000c0059648,0x00000000c5580000)
 Metaspace       used 6049K, capacity 6962K, committed 7040K, reserved 1056768K
  class space    used 604K, capacity 618K, committed 640K, reserved 1048576K
Event: 14.675 GC heap after
Heap after GC invocations=2 (full 0):
 PSYoungGen      total 38400K, used 5117K [0x00000000eab00000, 0x00000000ef600000, 0x0000000100000000)
  eden space 33280K, 0% used [0x00000000eab00000,0x00000000eab00000,0x00000000ecb80000)
  from space 5120K, 99% used [0x00000000ed080000,0x00000000ed57f688,0x00000000ed580000)
  to   space 5120K, 0% used [0x00000000ecb80000,0x00000000ecb80000,0x00000000ed080000)
 ParOldGen       total 87552K, used 4076K [0x00000000c0000000, 0x00000000c5580000, 0x00000000eab00000)
  object space 87552K, 4% used [0x00000000c0000000,0x00000000c03fb2d8,0x00000000c5580000)
 Metaspace       used 6049K, capacity 6962K, committed 7040K, reserved 1056768K
  class space    used 604K, capacity 618K, committed 640K, reserved 1048576K
}
Event: 14.831 GC heap before
{Heap before GC invocations=3 (full 0):
 PSYoungGen      total 38400K, used 38397K [0x00000000eab00000, 0x00000000ef600000, 0x0000000100000000)
  eden space 33280K, 100% used [0x00000000eab00000,0x00000000ecb80000,0x00000000ecb80000)
  from space 5120K, 99% used [0x00000000ed080000,0x00000000ed57f688,0x00000000ed580000)
  to   space 5120K, 0% used [0x00000000ecb80000,0x00000000ecb80000,0x00000000ed080000)
 ParOldGen       total 87552K, used 4076K [0x00000000c0000000, 0x00000000c5580000, 0x00000000eab00000)
  object space 87552K, 4% used [0x00000000c0000000,0x00000000c03fb2d8,0x00000000c5580000)
 Metaspace       used 6130K, capacity 7026K, committed 7296K, reserved 1056768K
  class space    used 604K, capacity 618K, committed 640K, reserved 1048576K
Event: 14.839 GC heap after
Heap after GC invocations=3 (full 0):
 PSYoungGen      total 38400K, used 5117K [0x00000000eab00000, 0x00000000ef600000, 0x0000000100000000)
  eden space 33280K, 0% used [0x00000000eab00000,0x00000000eab00000,0x00000000ecb80000)
  from space 5120K, 99% used [0x00000000ecb80000,0x00000000ed07f688,0x00000000ed080000)
  to   space 5120K, 0% used [0x00000000ef100000,0x00000000ef100000,0x00000000ef600000)
 ParOldGen       total 87552K, used 7938K [0x00000000c0000000, 0x00000000c5580000, 0x00000000eab00000)
  object space 87552K, 9% used [0x00000000c0000000,0x00000000c07c0a80,0x00000000c5580000)
 Metaspace       used 6130K, capacity 7026K, committed 7296K, reserved 1056768K
  class space    used 604K, capacity 618K, committed 640K, reserved 1048576K
}

Deoptimization events (10 events):
Event: 14.794 Thread 0x0000000002b5e000 Uncommon trap: reason=unstable_if action=reinterpret pc=0x0000000002eb4e60 method=com.android.dx.rop.code.RegisterSpec.equals(ILcom/android/dx/rop/type/TypeBearer;Lcom/android/dx/rop/code/LocalItem;)Z @ 42
Event: 14.857 Thread 0x0000000017984000 Uncommon trap: reason=unstable_if action=reinterpret pc=0x0000000002f438ac method=com.android.dx.rop.code.RegisterSpecSet.put(Lcom/android/dx/rop/code/RegisterSpec;)V @ 77
Event: 14.857 Thread 0x0000000017984000 Uncommon trap: reason=unstable_if action=reinterpret pc=0x0000000002f780a0 method=com.android.dx.rop.code.RegisterSpecSet.put(Lcom/android/dx/rop/code/RegisterSpec;)V @ 77
Event: 14.863 Thread 0x000000001849b800 Uncommon trap: reason=bimorphic action=maybe_recompile pc=0x0000000002ec7be8 method=java.util.HashMap.getNode(ILjava/lang/Object;)Ljava/util/HashMap$Node; @ 126
Event: 14.863 Thread 0x000000001849b800 Uncommon trap: reason=class_check action=maybe_recompile pc=0x0000000002fd7180 method=java.util.HashMap.putVal(ILjava/lang/Object;Ljava/lang/Object;ZZ)Ljava/lang/Object; @ 203
Event: 14.863 Thread 0x000000001849b800 Uncommon trap: reason=bimorphic action=maybe_recompile pc=0x0000000002ec7be8 method=java.util.HashMap.getNode(ILjava/lang/Object;)Ljava/util/HashMap$Node; @ 126
Event: 14.863 Thread 0x000000001849b800 Uncommon trap: reason=class_check action=maybe_recompile pc=0x0000000002fd7180 method=java.util.HashMap.putVal(ILjava/lang/Object;Ljava/lang/Object;ZZ)Ljava/lang/Object; @ 203
Event: 14.863 Thread 0x000000001849b800 Uncommon trap: reason=bimorphic action=maybe_recompile pc=0x0000000002ec7be8 method=java.util.HashMap.getNode(ILjava/lang/Object;)Ljava/util/HashMap$Node; @ 126
Event: 14.863 Thread 0x000000001849b800 Uncommon trap: reason=bimorphic action=maybe_recompile pc=0x0000000002ec7be8 method=java.util.HashMap.getNode(ILjava/lang/Object;)Ljava/util/HashMap$Node; @ 126
Event: 14.863 Thread 0x000000001849b800 Uncommon trap: reason=class_check action=maybe_recompile pc=0x0000000002fe3048 method=java.util.HashMap.putVal(ILjava/lang/Object;Ljava/lang/Object;ZZ)Ljava/lang/Object; @ 203

Internal exceptions (4 events):
Event: 0.032 Thread 0x0000000002b5e000 Exception <a 'java/lang/NoSuchMethodError': Method sun.misc.Unsafe.defineClass(Ljava/lang/String;[BII)Ljava/lang/Class; name or signature does not match> (0x00000000eab07cc0) thrown at [C:\re\workspace\8-2-build-windows-amd64-cygwin\jdk8u91\6644\hotspot\srF~6X ?
Event: 0.032 Thread 0x0000000002b5e000 Exception <a 'java/lang/NoSuchMethodError': Method sun.misc.Unsafe.prefetchRead(Ljava/lang/Object;J)V name or signature does not match> (0x00000000eab07fa8) thrown at [C:\re\workspace\8-2-build-windows-amd64-cygwin\jdk8u91\6644\hotspot\src\share\vm\prims\j¿ç$UÝî,@
Event: 14.467 Thread 0x0000000002b5e000 Implicit null exception at 0x0000000002ec5422 to 0x0000000002ec5521
Event: 14.711 Thread 0x0000000017981000 Implicit null exception at 0x0000000002f2f89c to 0x0000000002f31bc9

Events (10 events):
Event: 14.863 Thread 0x000000001849b800 DEOPT PACKING pc=0x0000000002ec7be8 sp=0x0000000018d4e610
Event: 14.863 Thread 0x000000001849b800 DEOPT UNPACKING pc=0x0000000002ca582a sp=0x0000000018d4e590 mode 2
Event: 14.863 Thread 0x000000001849b800 Uncommon trap: trap_request=0xffffffc6 fr.pc=0x0000000002ec7be8
Event: 14.863 Thread 0x000000001849b800 DEOPT PACKING pc=0x0000000002ec7be8 sp=0x0000000018d4e610
Event: 14.863 Thread 0x000000001849b800 DEOPT UNPACKING pc=0x0000000002ca582a sp=0x0000000018d4e590 mode 2
Event: 14.863 Thread 0x000000001849b800 Uncommon trap: trap_request=0xffffffde fr.pc=0x0000000002fe3048
Event: 14.863 Thread 0x000000001849b800 DEOPT PACKING pc=0x0000000002fe3048 sp=0x0000000018d4ea70
Event: 14.863 Thread 0x000000001849b800 DEOPT UNPACKING pc=0x0000000002ca582a sp=0x0000000018d4e9a8 mode 2
Event: 14.874 Thread 0x000000001849b800 DEOPT PACKING pc=0x0000000002fda63d sp=0x0000000018d4eae0
Event: 14.874 Thread 0x000000001849b800 DEOPT UNPACKING pc=0x0000000002ca787f sp=0x0000000018d4e880 mode 0


Dynamic libraries:
0x00007ff6495a0000 - 0x00007ff6495d7000 	C:\Program Files\Java\jdk1.8.0_91\bin\java.exe
0x00007ffd2adf0000 - 0x00007ffd2afb1000 	C:\WINDOWS\SYSTEM32\ntdll.dll
0x00007ffd2a380000 - 0x00007ffd2a42d000 	C:\WINDOWS\system32\KERNEL32.DLL
0x00007ffd27ec0000 - 0x00007ffd280a8000 	C:\WINDOWS\system32\KERNELBASE.dll
0x00007ffd2aca0000 - 0x00007ffd2ad47000 	C:\WINDOWS\system32\ADVAPI32.dll
0x00007ffd2ad50000 - 0x00007ffd2aded000 	C:\WINDOWS\system32\msvcrt.dll
0x00007ffd282c0000 - 0x00007ffd2831b000 	C:\WINDOWS\system32\sechost.dll
0x00007ffd2a440000 - 0x00007ffd2a55c000 	C:\WINDOWS\system32\RPCRT4.dll
0x00007ffd29c30000 - 0x00007ffd29d86000 	C:\WINDOWS\system32\USER32.dll
0x00007ffd2a040000 - 0x00007ffd2a1c6000 	C:\WINDOWS\system32\GDI32.dll
0x00007ffd22b50000 - 0x00007ffd22dc4000 	C:\WINDOWS\WinSxS\amd64_microsoft.windows.common-controls_6595b64144ccf1df_6.0.10586.0_none_8c15ae12515e1c22\COMCTL32.dll
0x00007ffd2aa10000 - 0x00007ffd2ac8d000 	C:\WINDOWS\system32\combase.dll
0x00007ffd27500000 - 0x00007ffd2756a000 	C:\WINDOWS\system32\bcryptPrimitives.dll
0x00007ffd29d90000 - 0x00007ffd29dcb000 	C:\WINDOWS\system32\IMM32.DLL
0x000000005fda0000 - 0x000000005fe72000 	C:\Program Files\Java\jdk1.8.0_91\jre\bin\msvcr100.dll
0x000000005e8f0000 - 0x000000005f183000 	C:\Program Files\Java\jdk1.8.0_91\jre\bin\server\jvm.dll
0x00007ffd2ac90000 - 0x00007ffd2ac98000 	C:\WINDOWS\system32\PSAPI.DLL
0x00007ffd25710000 - 0x00007ffd25733000 	C:\WINDOWS\SYSTEM32\WINMM.dll
0x00007ffd22dd0000 - 0x00007ffd22dda000 	C:\WINDOWS\SYSTEM32\VERSION.dll
0x00007ffd25ae0000 - 0x00007ffd25ae9000 	C:\WINDOWS\SYSTEM32\WSOCK32.dll
0x00007ffd29bc0000 - 0x00007ffd29c2b000 	C:\WINDOWS\system32\WS2_32.dll
0x0000000002870000 - 0x000000000289c000 	C:\WINDOWS\SYSTEM32\WINMMBASE.dll
0x00007ffd27650000 - 0x00007ffd27693000 	C:\WINDOWS\system32\cfgmgr32.dll
0x000000005fd90000 - 0x000000005fd9f000 	C:\Program Files\Java\jdk1.8.0_91\jre\bin\verify.dll
0x000000005fd60000 - 0x000000005fd89000 	C:\Program Files\Java\jdk1.8.0_91\jre\bin\java.dll
0x000000005fd40000 - 0x000000005fd56000 	C:\Program Files\Java\jdk1.8.0_91\jre\bin\zip.dll
0x00007ffd28600000 - 0x00007ffd29b5c000 	C:\WINDOWS\system32\SHELL32.dll
0x00007ffd276a0000 - 0x00007ffd27ce4000 	C:\WINDOWS\system32\windows.storage.dll
0x00007ffd281f0000 - 0x00007ffd28242000 	C:\WINDOWS\system32\shlwapi.dll
0x00007ffd27460000 - 0x00007ffd2746f000 	C:\WINDOWS\system32\kernel.appcore.dll
0x00007ffd27570000 - 0x00007ffd27625000 	C:\WINDOWS\system32\shcore.dll
0x00007ffd27410000 - 0x00007ffd2745b000 	C:\WINDOWS\system32\powrprof.dll
0x00007ffd27480000 - 0x00007ffd27494000 	C:\WINDOWS\system32\profapi.dll

VM Arguments:
jvm_args: -Djava.awt.headless=true -Xmx1024M -Dfile.encoding=windows-1252 -Duser.country=CA -Duser.language=en -Duser.variant 
java_command: com.android.dx.command.Main --dex --num-threads=4 --output C:\Users\Kevin's Playtime\Desktop\pomodoro\app\build\intermediates\pre-dexed\debug\com.android.support-support-v4-23.4.0_04f33e76aa0b6a5525f10974be74124c16f0afd3.jar C:\Users\Kevin's Playtime\Desktop\pomodoro\app\build\intermediates\exploded-aar\com.android.support\support-v4\23.4.0\jars\classes.jar
java_class_path (initial): C:\Android\sdk\build-tools\23.0.2\lib\dx.jar
Launcher Type: SUN_STANDARD

Environment Variables:
JAVA_HOME=C:\Program Files\Java\jdk1.7.0_67
PATH=C:\ProgramData\Oracle\Java\javapath;C:\Program Files (x86)\Caminova\Document Express DjVu Plug-in\;c:\Program Files (x86)\Intel\iCLS Client\;c:\Program Files\Intel\iCLS Client\;C:\WINDOWS\system32;C:\WINDOWS;C:\WINDOWS\System32\Wbem;C:\WINDOWS\System32\WindowsPowerShell\v1.0\;C:\Program Files\Intel\Intel(R) Management Engine Components\DAL;C:\Program Files\Intel\Intel(R) Management Engine Components\IPT;C:\Program Files (x86)\Intel\Intel(R) Management Engine Components\DAL;C:\Program Files (x86)\Intel\Intel(R) Management Engine Components\IPT;C:\Program Files (x86)\Windows Live\Shared;C:\Program Files (x86)\Skype\Phone\;C:\Program Files\nodejs\;C:\WINDOWS\system32\config\systemprofile\.dnx\bin;C:\Program Files\Microsoft DNX\Dnvm\;C:\Program Files (x86)\Windows Kits\8.1\Windows Performance Toolkit\;C:\Program Files\Microsoft SQL Server\130\Tools\Binn\;C:\Program Files (x86)\QuickTime\QTSystem\;C:\Program Files\Git\cmd;C:\Users\Kevin's Playtime\AppData\Local\Programs\Python\Python35-32\Scripts\;C:\Users\Kevin's Playtime\AppData\Local\Programs\Python\Python35-32\;c:\users\kevin's playtime\appdata\local\enthought\canopy\user\scripts;C:\Users\Kevin's Playtime\AppData\Local\Enthought\Canopy\User;C:\Users\Kevin's Playtime\AppData\Local\Enthought\Canopy\User\Scripts;C:\Users\Kevin's Playtime\AppData\Roaming\npm
USERNAME=Kevin
OS=Windows_NT
PROCESSOR_IDENTIFIER=Intel64 Family 6 Model 58 Stepping 9, GenuineIntel



---------------  S Y S T E M  ---------------

OS: Windows 10.0 , 64 bit Build 10586 (10.0.10586.0)

CPU:total 8 (4 cores per cpu, 2 threads per core) family 6 model 58 stepping 9, cmov, cx8, fxsr, mmx, sse, sse2, sse3, ssse3, sse4.1, sse4.2, popcnt, avx, aes, clmul, erms, ht, tsc, tscinvbit, tscinv

Memory: 4k page, physical 8318812k(906692k free), swap 12513116k(396k free)

vm_info: Java HotSpot(TM) 64-Bit Server VM (25.91-b14) for windows-amd64 JRE (1.8.0_91-b14), built on Apr  1 2016 00:58:32 by "java_re" with MS VC++ 10.0 (VS2010)

time: Thu Aug 18 17:56:29 2016
elapsed time: 15 seconds (0d 0h 0m 15s)

