#
# There is insufficient memory for the Java Runtime Environment to continue.
# Native memory allocation (malloc) failed to allocate 1574976 bytes for Chunk::new
# Possible reasons:
#   The system is out of physical RAM or swap space
#   In 32 bit mode, the process size limit was hit
# Possible solutions:
#   Reduce memory load on the system
#   Increase physical memory or swap space
#   Check if swap backing store is full
#   Use 64 bit Java on a 64 bit OS
#   Decrease Java heap size (-Xmx/-Xms)
#   Decrease number of Java threads
#   Decrease Java thread stack sizes (-Xss)
#   Set larger code cache with -XX:ReservedCodeCacheSize=
# This output file may be truncated or incomplete.
#
#  Out of Memory Error (allocation.cpp:390), pid=16420, tid=16072
#
# JRE version: Java(TM) SE Runtime Environment (8.0_91-b14) (build 1.8.0_91-b14)
# Java VM: Java HotSpot(TM) 64-Bit Server VM (25.91-b14 mixed mode windows-amd64 compressed oops)
# Failed to write core dump. Minidumps are not enabled by default on client versions of Windows
#

---------------  T H R E A D  ---------------

Current thread (0x0000000017112800):  JavaThread "C2 CompilerThread1" daemon [_thread_in_native, id=16072, stack(0x0000000017970000,0x0000000017a70000)]

Stack: [0x0000000017970000,0x0000000017a70000]
[error occurred during error reporting (printing stack bounds), id 0xc0000005]

Native frames: (J=compiled Java code, j=interpreted, Vv=VM code, C=native code)


Current CompileTask:
C2:   3330 1625   !   4       com.android.dx.cf.code.BytecodeArray::parseInstruction (2764 bytes)


---------------  P R O C E S S  ---------------

Java Threads: ( => current thread )
  0x00000000173e2000 JavaThread "pool-1-thread-4" [_thread_blocked, id=15128, stack(0x0000000018270000,0x0000000018370000)]
  0x00000000173db000 JavaThread "pool-1-thread-3" [_thread_blocked, id=6640, stack(0x0000000018170000,0x0000000018270000)]
  0x00000000173d8800 JavaThread "pool-1-thread-2" [_thread_blocked, id=6600, stack(0x0000000018070000,0x0000000018170000)]
  0x00000000173d3800 JavaThread "pool-2-thread-1" [_thread_blocked, id=22404, stack(0x0000000017f70000,0x0000000018070000)]
  0x00000000173d2000 JavaThread "pool-1-thread-1" [_thread_blocked, id=5188, stack(0x0000000017e70000,0x0000000017f70000)]
  0x000000001711e800 JavaThread "Service Thread" daemon [_thread_blocked, id=29972, stack(0x0000000017c70000,0x0000000017d70000)]
  0x0000000017119800 JavaThread "C1 CompilerThread3" daemon [_thread_blocked, id=20964, stack(0x0000000017b70000,0x0000000017c70000)]
  0x0000000017116000 JavaThread "C2 CompilerThread2" daemon [_thread_in_native, id=10624, stack(0x0000000017a70000,0x0000000017b70000)]
=>0x0000000017112800 JavaThread "C2 CompilerThread1" daemon [_thread_in_native, id=16072, stack(0x0000000017970000,0x0000000017a70000)]
  0x00000000170ba000 JavaThread "C2 CompilerThread0" daemon [_thread_in_native, id=6256, stack(0x0000000017870000,0x0000000017970000)]
  0x00000000170b7800 JavaThread "Attach Listener" daemon [_thread_blocked, id=28184, stack(0x0000000017770000,0x0000000017870000)]
  0x00000000170b6000 JavaThread "Signal Dispatcher" daemon [_thread_blocked, id=23436, stack(0x0000000017670000,0x0000000017770000)]
  0x000000000268e000 JavaThread "Finalizer" daemon [_thread_blocked, id=19360, stack(0x0000000017490000,0x0000000017590000)]
  0x00000000151ad800 JavaThread "Reference Handler" daemon [_thread_blocked, id=14080, stack(0x0000000016f90000,0x0000000017090000)]
  0x0000000000b0e000 JavaThread "main" [_thread_blocked, id=16632, stack(0x0000000002490000,0x0000000002590000)]

Other Threads:
  0x00000000151a8800 VMThread [stack: 0x0000000016e90000,0x0000000016f90000] [id=20904]
  0x0000000017120000 WatcherThread [stack: 0x0000000017d70000,0x0000000017e70000] [id=22452]

VM state:not at safepoint (normal execution)

VM Mutex/Monitor currently owned by a thread: None

Heap:
 PSYoungGen      total 71680K, used 11079K [0x00000000eab00000, 0x00000000ef600000, 0x0000000100000000)
  eden space 66560K, 8% used [0x00000000eab00000,0x00000000eb0d3668,0x00000000eec00000)
  from space 5120K, 99% used [0x00000000ef100000,0x00000000ef5fe878,0x00000000ef600000)
  to   space 5120K, 0% used [0x00000000eec00000,0x00000000eec00000,0x00000000ef100000)
 ParOldGen       total 87552K, used 6231K [0x00000000c0000000, 0x00000000c5580000, 0x00000000eab00000)
  object space 87552K, 7% used [0x00000000c0000000,0x00000000c0615e00,0x00000000c5580000)
 Metaspace       used 6175K, capacity 7090K, committed 7296K, reserved 1056768K
  class space    used 603K, capacity 618K, committed 640K, reserved 1048576K

Card table byte_map: [0x0000000011a50000,0x0000000011c60000] byte_map_base: 0x0000000011450000

Marking Bits: (ParMarkBitMap*) 0x000000005f102f70
 Begin Bits: [0x00000000125c0000, 0x00000000135c0000)
 End Bits:   [0x00000000135c0000, 0x00000000145c0000)

Polling page: 0x0000000000ad0000

CodeCache: size=245760Kb used=7241Kb max_used=7241Kb free=238518Kb
 bounds [0x0000000002690000, 0x0000000002db0000, 0x0000000011690000]
 total_blobs=1904 nmethods=1635 adapters=182
 compilation: enabled

Compilation events (10 events):
Event: 3.311 Thread 0x0000000017119800 1644       3       com.android.dx.cf.code.OneLocalsArray::makeInitialized (55 bytes)
Event: 3.312 Thread 0x0000000017119800 nmethod 1644 0x0000000002da2890 code [0x0000000002da2a40, 0x0000000002da30f8]
Event: 3.312 Thread 0x0000000017119800 1646       3       com.android.dx.dex.file.ValueEncoder::addContents (75 bytes)
Event: 3.314 Thread 0x0000000017119800 nmethod 1646 0x0000000002da0310 code [0x0000000002da05c0, 0x0000000002da1c18]
Event: 3.320 Thread 0x0000000017119800 1652       3       java.util.concurrent.locks.ReentrantLock$FairSync::tryAcquire (74 bytes)
Event: 3.321 Thread 0x0000000017119800 nmethod 1652 0x0000000002da73d0 code [0x0000000002da7580, 0x0000000002da7db8]
Event: 3.325 Thread 0x0000000017119800 1653       3       com.android.dx.rop.annotation.NameValuePair::<init> (43 bytes)
Event: 3.326 Thread 0x0000000017119800 nmethod 1653 0x0000000002da7f50 code [0x0000000002da80e0, 0x0000000002da8498]
Event: 3.326 Thread 0x0000000017119800 1654       3       com.android.dx.rop.annotation.Annotation::put (32 bytes)
Event: 3.326 Thread 0x0000000017119800 nmethod 1654 0x0000000002da8610 code [0x0000000002da87c0, 0x0000000002da8ce8]

GC Heap History (4 events):
Event: 1.078 GC heap before
{Heap before GC invocations=1 (full 0):
 PSYoungGen      total 38400K, used 33280K [0x00000000eab00000, 0x00000000ed580000, 0x0000000100000000)
  eden space 33280K, 100% used [0x00000000eab00000,0x00000000ecb80000,0x00000000ecb80000)
  from space 5120K, 0% used [0x00000000ed080000,0x00000000ed080000,0x00000000ed580000)
  to   space 5120K, 0% used [0x00000000ecb80000,0x00000000ecb80000,0x00000000ed080000)
 ParOldGen       total 87552K, used 0K [0x00000000c0000000, 0x00000000c5580000, 0x00000000eab00000)
  object space 87552K, 0% used [0x00000000c0000000,0x00000000c0000000,0x00000000c5580000)
 Metaspace       used 5954K, capacity 6896K, committed 7040K, reserved 1056768K
  class space    used 599K, capacity 616K, committed 640K, reserved 1048576K
Event: 1.101 GC heap after
Heap after GC invocations=1 (full 0):
 PSYoungGen      total 38400K, used 5094K [0x00000000eab00000, 0x00000000ef600000, 0x0000000100000000)
  eden space 33280K, 0% used [0x00000000eab00000,0x00000000eab00000,0x00000000ecb80000)
  from space 5120K, 99% used [0x00000000ecb80000,0x00000000ed079b60,0x00000000ed080000)
  to   space 5120K, 0% used [0x00000000ef100000,0x00000000ef100000,0x00000000ef600000)
 ParOldGen       total 87552K, used 1494K [0x00000000c0000000, 0x00000000c5580000, 0x00000000eab00000)
  object space 87552K, 1% used [0x00000000c0000000,0x00000000c0175950,0x00000000c5580000)
 Metaspace       used 5954K, capacity 6896K, committed 7040K, reserved 1056768K
  class space    used 599K, capacity 616K, committed 640K, reserved 1048576K
}
Event: 3.036 GC heap before
{Heap before GC invocations=2 (full 0):
 PSYoungGen      total 38400K, used 38374K [0x00000000eab00000, 0x00000000ef600000, 0x0000000100000000)
  eden space 33280K, 100% used [0x00000000eab00000,0x00000000ecb80000,0x00000000ecb80000)
  from space 5120K, 99% used [0x00000000ecb80000,0x00000000ed079b60,0x00000000ed080000)
  to   space 5120K, 0% used [0x00000000ef100000,0x00000000ef100000,0x00000000ef600000)
 ParOldGen       total 87552K, used 1494K [0x00000000c0000000, 0x00000000c5580000, 0x00000000eab00000)
  object space 87552K, 1% used [0x00000000c0000000,0x00000000c0175950,0x00000000c5580000)
 Metaspace       used 6163K, capacity 7090K, committed 7296K, reserved 1056768K
  class space    used 603K, capacity 618K, committed 640K, reserved 1048576K
Event: 3.148 GC heap after
Heap after GC invocations=2 (full 0):
 PSYoungGen      total 71680K, used 5114K [0x00000000eab00000, 0x00000000ef600000, 0x0000000100000000)
  eden space 66560K, 0% used [0x00000000eab00000,0x00000000eab00000,0x00000000eec00000)
  from space 5120K, 99% used [0x00000000ef100000,0x00000000ef5fe878,0x00000000ef600000)
  to   space 5120K, 0% used [0x00000000eec00000,0x00000000eec00000,0x00000000ef100000)
 ParOldGen       total 87552K, used 6231K [0x00000000c0000000, 0x00000000c5580000, 0x00000000eab00000)
  object space 87552K, 7% used [0x00000000c0000000,0x00000000c0615e00,0x00000000c5580000)
 Metaspace       used 6163K, capacity 7090K, committed 7296K, reserved 1056768K
  class space    used 603K, capacity 618K, committed 640K, reserved 1048576K
}

Deoptimization events (10 events):
Event: 1.695 Thread 0x00000000173d2000 Uncommon trap: reason=class_check action=maybe_recompile pc=0x0000000002aeab30 method=com.android.dx.rop.type.Type.equals(Ljava/lang/Object;)Z @ 8
Event: 1.697 Thread 0x00000000173d2000 Uncommon trap: reason=unstable_if action=reinterpret pc=0x0000000002b32920 method=com.android.dx.util.LabeledList.set(ILcom/android/dx/util/LabeledItem;)V @ 16
Event: 1.701 Thread 0x00000000173e2000 Uncommon trap: reason=unstable_if action=reinterpret pc=0x0000000002b4b9fc method=com.android.dx.ssa.SsaRenamer$BlockRenamer.addMapping(ILcom/android/dx/rop/code/RegisterSpec;)V @ 120
Event: 1.710 Thread 0x00000000173e2000 Uncommon trap: reason=class_check action=maybe_recompile pc=0x0000000002aeab30 method=com.android.dx.rop.type.Type.equals(Ljava/lang/Object;)Z @ 8
Event: 1.710 Thread 0x00000000173e2000 Uncommon trap: reason=class_check action=maybe_recompile pc=0x0000000002aeab30 method=com.android.dx.rop.type.Type.equals(Ljava/lang/Object;)Z @ 8
Event: 1.710 Thread 0x00000000173e2000 Uncommon trap: reason=class_check action=maybe_recompile pc=0x0000000002aeab30 method=com.android.dx.rop.type.Type.equals(Ljava/lang/Object;)Z @ 8
Event: 1.710 Thread 0x00000000173e2000 Uncommon trap: reason=bimorphic action=maybe_recompile pc=0x0000000002bc7a9c method=com.android.dx.ssa.LiteralOpUpgrader.tryReplacingWithConstant(Lcom/android/dx/ssa/NormalSsaInsn;)Z @ 52
Event: 1.710 Thread 0x00000000173e2000 Uncommon trap: reason=unstable_if action=reinterpret pc=0x0000000002bd4ef4 method=com.android.dx.dex.code.RopToDop.dopFor(Lcom/android/dx/rop/code/Insn;)Lcom/android/dx/dex/code/Dop; @ 747
Event: 2.039 Thread 0x00000000173d2000 Uncommon trap: reason=unstable_if action=reinterpret pc=0x0000000002c9703c method=com.android.dx.ssa.LocalVariableExtractor.processBlock(I)V @ 77
Event: 2.383 Thread 0x00000000173d2000 Uncommon trap: reason=bimorphic action=maybe_recompile pc=0x0000000002bc7a9c method=com.android.dx.ssa.LiteralOpUpgrader.tryReplacingWithConstant(Lcom/android/dx/ssa/NormalSsaInsn;)Z @ 52

Internal exceptions (5 events):
Event: 0.044 Thread 0x0000000000b0e000 Exception <a 'java/lang/NoSuchMethodError': Method sun.misc.Unsafe.defineClass(Ljava/lang/String;[BII)Ljava/lang/Class; name or signature does not match> (0x00000000eab07cc0) thrown at [C:\re\workspace\8-2-build-windows-amd64-cygwin\jdk8u91\6644\hotspot\sr>7;ÂL“¦?
Event: 0.044 Thread 0x0000000000b0e000 Exception <a 'java/lang/NoSuchMethodError': Method sun.misc.Unsafe.prefetchRead(Ljava/lang/Object;J)V name or signature does not match> (0x00000000eab07fa8) thrown at [C:\re\workspace\8-2-build-windows-amd64-cygwin\jdk8u91\6644\hotspot\src\share\vm\prims\jµÙ*ë?
Event: 0.846 Thread 0x00000000173e2000 Implicit null exception at 0x0000000002983722 to 0x0000000002983821
Event: 1.065 Thread 0x00000000173e2000 Implicit null exception at 0x0000000002a29156 to 0x0000000002a2aed5
Event: 1.065 Thread 0x00000000173e2000 Implicit null exception at 0x0000000002a4856d to 0x0000000002a4a531

Events (10 events):
Event: 2.039 Thread 0x00000000173d2000 DEOPT UNPACKING pc=0x00000000026d582a sp=0x0000000017f6ef60 mode 2
Event: 2.051 Thread 0x00000000173e2000 DEOPT PACKING pc=0x0000000002c87882 sp=0x000000001836e7e0
Event: 2.051 Thread 0x00000000173e2000 DEOPT UNPACKING pc=0x00000000026d787f sp=0x000000001836e548 mode 0
Event: 2.383 Thread 0x00000000173d2000 Uncommon trap: trap_request=0xffffffc6 fr.pc=0x0000000002bc7a9c
Event: 2.383 Thread 0x00000000173d2000 DEOPT PACKING pc=0x0000000002bc7a9c sp=0x0000000017f6eed0
Event: 2.383 Thread 0x00000000173d2000 DEOPT UNPACKING pc=0x00000000026d582a sp=0x0000000017f6ee90 mode 2
Event: 3.036 Executing VM operation: ParallelGCFailedAllocation
Event: 3.148 Executing VM operation: ParallelGCFailedAllocation done
Event: 3.168 Thread 0x00000000173d2000 DEOPT PACKING pc=0x0000000002a010ba sp=0x0000000017f6ee30
Event: 3.168 Thread 0x00000000173d2000 DEOPT UNPACKING pc=0x00000000026d787f sp=0x0000000017f6ebf8 mode 0


Dynamic libraries:
0x00007ff6495a0000 - 0x00007ff6495d7000 	C:\Program Files\Java\jdk1.8.0_91\bin\java.exe
0x00007ffd2adf0000 - 0x00007ffd2afb1000 	C:\WINDOWS\SYSTEM32\ntdll.dll
0x00007ffd2a380000 - 0x00007ffd2a42d000 	C:\WINDOWS\system32\KERNEL32.DLL
0x00007ffd27ec0000 - 0x00007ffd280a8000 	C:\WINDOWS\system32\KERNELBASE.dll
0x00007ffd2aca0000 - 0x00007ffd2ad47000 	C:\WINDOWS\system32\ADVAPI32.dll
0x00007ffd2ad50000 - 0x00007ffd2aded000 	C:\WINDOWS\system32\msvcrt.dll
0x00007ffd282c0000 - 0x00007ffd2831b000 	C:\WINDOWS\system32\sechost.dll
0x00007ffd2a440000 - 0x00007ffd2a55c000 	C:\WINDOWS\system32\RPCRT4.dll
0x00007ffd29c30000 - 0x00007ffd29d86000 	C:\WINDOWS\system32\USER32.dll
0x00007ffd2a040000 - 0x00007ffd2a1c6000 	C:\WINDOWS\system32\GDI32.dll
0x00007ffd22b50000 - 0x00007ffd22dc4000 	C:\WINDOWS\WinSxS\amd64_microsoft.windows.common-controls_6595b64144ccf1df_6.0.10586.0_none_8c15ae12515e1c22\COMCTL32.dll
0x00007ffd2aa10000 - 0x00007ffd2ac8d000 	C:\WINDOWS\system32\combase.dll
0x00007ffd27500000 - 0x00007ffd2756a000 	C:\WINDOWS\system32\bcryptPrimitives.dll
0x00007ffd29d90000 - 0x00007ffd29dcb000 	C:\WINDOWS\system32\IMM32.DLL
0x000000005fda0000 - 0x000000005fe72000 	C:\Program Files\Java\jdk1.8.0_91\jre\bin\msvcr100.dll
0x000000005e8f0000 - 0x000000005f183000 	C:\Program Files\Java\jdk1.8.0_91\jre\bin\server\jvm.dll
0x00007ffd2ac90000 - 0x00007ffd2ac98000 	C:\WINDOWS\system32\PSAPI.DLL
0x00007ffd25710000 - 0x00007ffd25733000 	C:\WINDOWS\SYSTEM32\WINMM.dll
0x00007ffd22dd0000 - 0x00007ffd22dda000 	C:\WINDOWS\SYSTEM32\VERSION.dll
0x00007ffd25ae0000 - 0x00007ffd25ae9000 	C:\WINDOWS\SYSTEM32\WSOCK32.dll
0x00007ffd255f0000 - 0x00007ffd2561c000 	C:\WINDOWS\SYSTEM32\WINMMBASE.dll
0x00007ffd27650000 - 0x00007ffd27693000 	C:\WINDOWS\system32\cfgmgr32.dll
0x00007ffd29bc0000 - 0x00007ffd29c2b000 	C:\WINDOWS\system32\WS2_32.dll
0x000000005fd90000 - 0x000000005fd9f000 	C:\Program Files\Java\jdk1.8.0_91\jre\bin\verify.dll
0x000000005fd60000 - 0x000000005fd89000 	C:\Program Files\Java\jdk1.8.0_91\jre\bin\java.dll
0x000000005fd40000 - 0x000000005fd56000 	C:\Program Files\Java\jdk1.8.0_91\jre\bin\zip.dll
0x00007ffd28600000 - 0x00007ffd29b5c000 	C:\WINDOWS\system32\SHELL32.dll
0x00007ffd276a0000 - 0x00007ffd27ce4000 	C:\WINDOWS\system32\windows.storage.dll
0x00007ffd281f0000 - 0x00007ffd28242000 	C:\WINDOWS\system32\shlwapi.dll
0x00007ffd27460000 - 0x00007ffd2746f000 	C:\WINDOWS\system32\kernel.appcore.dll
0x00007ffd27570000 - 0x00007ffd27625000 	C:\WINDOWS\system32\shcore.dll
0x00007ffd27410000 - 0x00007ffd2745b000 	C:\WINDOWS\system32\powrprof.dll
0x00007ffd27480000 - 0x00007ffd27494000 	C:\WINDOWS\system32\profapi.dll

VM Arguments:
jvm_args: -Djava.awt.headless=true -Xmx1024M -Dfile.encoding=windows-1252 -Duser.country=CA -Duser.language=en -Duser.variant 
java_command: com.android.dx.command.Main --dex --num-threads=4 --output C:\Users\Kevin's Playtime\Desktop\pomodoro\app\build\intermediates\pre-dexed\debug\com.mikepenz-materialdrawer-4.5.1_39b7bad2a8c173aa0fbb52bd72a2b0499113dd8b.jar C:\Users\Kevin's Playtime\Desktop\pomodoro\app\build\intermediates\exploded-aar\com.mikepenz\materialdrawer\4.5.1\jars\classes.jar
java_class_path (initial): C:\Android\sdk\build-tools\23.0.2\lib\dx.jar
Launcher Type: SUN_STANDARD

Environment Variables:
JAVA_HOME=C:\Program Files\Java\jdk1.7.0_67
PATH=C:\ProgramData\Oracle\Java\javapath;C:\Program Files (x86)\Caminova\Document Express DjVu Plug-in\;c:\Program Files (x86)\Intel\iCLS Client\;c:\Program Files\Intel\iCLS Client\;C:\WINDOWS\system32;C:\WINDOWS;C:\WINDOWS\System32\Wbem;C:\WINDOWS\System32\WindowsPowerShell\v1.0\;C:\Program Files\Intel\Intel(R) Management Engine Components\DAL;C:\Program Files\Intel\Intel(R) Management Engine Components\IPT;C:\Program Files (x86)\Intel\Intel(R) Management Engine Components\DAL;C:\Program Files (x86)\Intel\Intel(R) Management Engine Components\IPT;C:\Program Files (x86)\Windows Live\Shared;C:\Program Files (x86)\Skype\Phone\;C:\Program Files\nodejs\;C:\WINDOWS\system32\config\systemprofile\.dnx\bin;C:\Program Files\Microsoft DNX\Dnvm\;C:\Program Files (x86)\Windows Kits\8.1\Windows Performance Toolkit\;C:\Program Files\Microsoft SQL Server\130\Tools\Binn\;C:\Program Files (x86)\QuickTime\QTSystem\;C:\Program Files\Git\cmd;C:\Users\Kevin's Playtime\AppData\Local\Programs\Python\Python35-32\Scripts\;C:\Users\Kevin's Playtime\AppData\Local\Programs\Python\Python35-32\;c:\users\kevin's playtime\appdata\local\enthought\canopy\user\scripts;C:\Users\Kevin's Playtime\AppData\Local\Enthought\Canopy\User;C:\Users\Kevin's Playtime\AppData\Local\Enthought\Canopy\User\Scripts;C:\Users\Kevin's Playtime\AppData\Roaming\npm
USERNAME=Kevin
OS=Windows_NT
PROCESSOR_IDENTIFIER=Intel64 Family 6 Model 58 Stepping 9, GenuineIntel



---------------  S Y S T E M  ---------------

OS: Windows 10.0 , 64 bit Build 10586 (10.0.10586.0)

CPU:total 8 (4 cores per cpu, 2 threads per core) family 6 model 58 stepping 9, cmov, cx8, fxsr, mmx, sse, sse2, sse3, ssse3, sse4.1, sse4.2, popcnt, avx, aes, clmul, erms, ht, tsc, tscinvbit, tscinv

Memory: 4k page, physical 8318812k(1586372k free), swap 12513116k(6688k free)

vm_info: Java HotSpot(TM) 64-Bit Server VM (25.91-b14) for windows-amd64 JRE (1.8.0_91-b14), built on Apr  1 2016 00:58:32 by "java_re" with MS VC++ 10.0 (VS2010)

time: Thu Aug 18 16:09:34 2016
elapsed time: 3 seconds (0d 0h 0m 3s)

