#
# There is insufficient memory for the Java Runtime Environment to continue.
# Native memory allocation (malloc) failed to allocate 418016 bytes for Chunk::new
# Possible reasons:
#   The system is out of physical RAM or swap space
#   In 32 bit mode, the process size limit was hit
# Possible solutions:
#   Reduce memory load on the system
#   Increase physical memory or swap space
#   Check if swap backing store is full
#   Use 64 bit Java on a 64 bit OS
#   Decrease Java heap size (-Xmx/-Xms)
#   Decrease number of Java threads
#   Decrease Java thread stack sizes (-Xss)
#   Set larger code cache with -XX:ReservedCodeCacheSize=
# This output file may be truncated or incomplete.
#
#  Out of Memory Error (allocation.cpp:390), pid=23128, tid=22744
#
# JRE version: Java(TM) SE Runtime Environment (8.0_91-b14) (build 1.8.0_91-b14)
# Java VM: Java HotSpot(TM) 64-Bit Server VM (25.91-b14 mixed mode windows-amd64 compressed oops)
# Failed to write core dump. Minidumps are not enabled by default on client versions of Windows
#

---------------  T H R E A D  ---------------

Current thread (0x000000001711e800):  JavaThread "C2 CompilerThread1" daemon [_thread_in_native, id=22744, stack(0x00000000179d0000,0x0000000017ad0000)]

Stack: [0x00000000179d0000,0x0000000017ad0000]
[error occurred during error reporting (printing stack bounds), id 0xc0000005]

Native frames: (J=compiled Java code, j=interpreted, Vv=VM code, C=native code)


Current CompileTask:
C2:    666  682       4       com.android.dx.ssa.SsaBasicBlock::forEachInsn (37 bytes)


---------------  P R O C E S S  ---------------

Java Threads: ( => current thread )
  0x00000000173fa000 JavaThread "pool-1-thread-4" [_thread_in_Java, id=17292, stack(0x00000000182d0000,0x00000000183d0000)]
  0x000000001744f000 JavaThread "pool-1-thread-3" [_thread_blocked, id=25364, stack(0x00000000181d0000,0x00000000182d0000)]
  0x000000001744e000 JavaThread "pool-1-thread-2" [_thread_blocked, id=27048, stack(0x00000000180d0000,0x00000000181d0000)]
  0x0000000017449800 JavaThread "pool-2-thread-1" [_thread_blocked, id=19200, stack(0x0000000017fd0000,0x00000000180d0000)]
  0x0000000017447800 JavaThread "pool-1-thread-1" [_thread_in_Java, id=30256, stack(0x0000000017ed0000,0x0000000017fd0000)]
  0x00000000171ba000 JavaThread "Service Thread" daemon [_thread_blocked, id=8660, stack(0x0000000017cd0000,0x0000000017dd0000)]
  0x0000000017185800 JavaThread "C1 CompilerThread3" daemon [_thread_in_native, id=14856, stack(0x0000000017bd0000,0x0000000017cd0000)]
  0x0000000017172800 JavaThread "C2 CompilerThread2" daemon [_thread_blocked, id=17240, stack(0x0000000017ad0000,0x0000000017bd0000)]
=>0x000000001711e800 JavaThread "C2 CompilerThread1" daemon [_thread_in_native, id=22744, stack(0x00000000179d0000,0x0000000017ad0000)]
  0x000000001711b000 JavaThread "C2 CompilerThread0" daemon [_thread_in_native, id=30168, stack(0x00000000178d0000,0x00000000179d0000)]
  0x0000000017118000 JavaThread "Attach Listener" daemon [_thread_blocked, id=17516, stack(0x00000000177d0000,0x00000000178d0000)]
  0x0000000017117000 JavaThread "Signal Dispatcher" daemon [_thread_blocked, id=22920, stack(0x00000000176d0000,0x00000000177d0000)]
  0x0000000017110800 JavaThread "Finalizer" daemon [_thread_blocked, id=21588, stack(0x00000000174f0000,0x00000000175f0000)]
  0x00000000151fd800 JavaThread "Reference Handler" daemon [_thread_blocked, id=3092, stack(0x0000000016ff0000,0x00000000170f0000)]
  0x00000000025de000 JavaThread "main" [_thread_in_Java, id=4308, stack(0x0000000002450000,0x0000000002550000)]

Other Threads:
  0x00000000151f8800 VMThread [stack: 0x0000000016ef0000,0x0000000016ff0000] [id=14696]
  0x00000000171bb800 WatcherThread [stack: 0x0000000017dd0000,0x0000000017ed0000] [id=15452]

VM state:not at safepoint (normal execution)

VM Mutex/Monitor currently owned by a thread: None

Heap:
 PSYoungGen      total 38400K, used 14916K [0x00000000eab00000, 0x00000000ed580000, 0x0000000100000000)
  eden space 33280K, 44% used [0x00000000eab00000,0x00000000eb991150,0x00000000ecb80000)
  from space 5120K, 0% used [0x00000000ed080000,0x00000000ed080000,0x00000000ed580000)
  to   space 5120K, 0% used [0x00000000ecb80000,0x00000000ecb80000,0x00000000ed080000)
 ParOldGen       total 87552K, used 0K [0x00000000c0000000, 0x00000000c5580000, 0x00000000eab00000)
  object space 87552K, 0% used [0x00000000c0000000,0x00000000c0000000,0x00000000c5580000)
 Metaspace       used 5680K, capacity 6640K, committed 6784K, reserved 1056768K
  class space    used 598K, capacity 616K, committed 640K, reserved 1048576K

Card table byte_map: [0x0000000011aa0000,0x0000000011cb0000] byte_map_base: 0x00000000114a0000

Marking Bits: (ParMarkBitMap*) 0x000000005f102f70
 Begin Bits: [0x0000000012610000, 0x0000000013610000)
 End Bits:   [0x0000000013610000, 0x0000000014610000)

Polling page: 0x0000000000c00000

CodeCache: size=245760Kb used=2785Kb max_used=2785Kb free=242974Kb
 bounds [0x00000000026e0000, 0x00000000029a0000, 0x00000000116e0000]
 total_blobs=956 nmethods=687 adapters=182
 compilation: enabled

Compilation events (10 events):
Event: 0.662 Thread 0x0000000017185800  672       3       java.util.AbstractSet::<init> (5 bytes)
Event: 0.662 Thread 0x0000000017185800 nmethod 672 0x00000000029957d0 code [0x0000000002995940, 0x0000000002995b50]
Event: 0.662 Thread 0x0000000017185800  657       3       com.android.dx.ssa.Dominators::getPreds (17 bytes)
Event: 0.662 Thread 0x0000000017185800 nmethod 657 0x0000000002995c10 code [0x0000000002995d80, 0x0000000002996050]
Event: 0.662 Thread 0x0000000017185800  681       1       java.lang.Integer::intValue (5 bytes)
Event: 0.662 Thread 0x0000000017185800 nmethod 681 0x0000000002996110 code [0x0000000002996260, 0x0000000002996370]
Event: 0.662 Thread 0x0000000017185800  673       1       com.android.dx.ssa.SsaMethod::getParamWidth (5 bytes)
Event: 0.662 Thread 0x0000000017185800 nmethod 673 0x00000000029963d0 code [0x0000000002996520, 0x0000000002996630]
Event: 0.662 Thread 0x0000000017185800  663       1       com.android.dx.ssa.SsaMethod::getEntryBlockIndex (5 bytes)
Event: 0.662 Thread 0x0000000017185800 nmethod 663 0x0000000002996690 code [0x00000000029967e0, 0x00000000029968f0]

GC Heap History (0 events):
No events

Deoptimization events (2 events):
Event: 0.616 Thread 0x000000001744e000 Uncommon trap: reason=unstable_if action=reinterpret pc=0x000000000295f0b0 method=java.util.BitSet.nextSetBit(I)I @ 87
Event: 0.633 Thread 0x000000001744e000 Uncommon trap: reason=class_check action=maybe_recompile pc=0x000000000295c7b0 method=com.android.dx.ssa.NormalSsaInsn.accept(Lcom/android/dx/ssa/SsaInsn$Visitor;)V @ 9

Internal exceptions (2 events):
Event: 0.055 Thread 0x00000000025de000 Exception <a 'java/lang/NoSuchMethodError': Method sun.misc.Unsafe.defineClass(Ljava/lang/String;[BII)Ljava/lang/Class; name or signature does not match> (0x00000000eab07cc0) thrown at [C:\re\workspace\8-2-build-windows-amd64-cygwin\jdk8u91\6644\hotspot\srá½‘Æ³¬?
Event: 0.055 Thread 0x00000000025de000 Exception <a 'java/lang/NoSuchMethodError': Method sun.misc.Unsafe.prefetchRead(Ljava/lang/Object;J)V name or signature does not match> (0x00000000eab07fa8) thrown at [C:\re\workspace\8-2-build-windows-amd64-cygwin\jdk8u91\6644\hotspot\src\share\vm\prims\j

Events (10 events):
Event: 0.616 Thread 0x000000001744e000 Uncommon trap: trap_request=0xffffff65 fr.pc=0x000000000295f0b0
Event: 0.616 Thread 0x000000001744e000 DEOPT PACKING pc=0x000000000295f0b0 sp=0x00000000181ce770
Event: 0.616 Thread 0x000000001744e000 DEOPT UNPACKING pc=0x000000000272582a sp=0x00000000181ce708 mode 2
Event: 0.633 Thread 0x000000001744e000 Uncommon trap: trap_request=0xffffffde fr.pc=0x000000000295c7b0
Event: 0.634 Thread 0x000000001744e000 DEOPT PACKING pc=0x000000000295c7b0 sp=0x00000000181ce4c0
Event: 0.634 Thread 0x000000001744e000 DEOPT UNPACKING pc=0x000000000272582a sp=0x00000000181ce450 mode 2
Event: 0.635 loading class com/android/dx/dex/file/MethodAnnotationStruct
Event: 0.635 loading class com/android/dx/dex/file/MethodAnnotationStruct done
Event: 0.647 loading class java/util/ArrayList$1
Event: 0.648 loading class java/util/ArrayList$1 done


Dynamic libraries:
0x00007ff7cac60000 - 0x00007ff7cac97000 	C:\Program Files\Java\jdk1.8.0_91\bin\java.exe
0x00007ffd2adf0000 - 0x00007ffd2afb1000 	C:\WINDOWS\SYSTEM32\ntdll.dll
0x00007ffd2a380000 - 0x00007ffd2a42d000 	C:\WINDOWS\system32\KERNEL32.DLL
0x00007ffd27ec0000 - 0x00007ffd280a8000 	C:\WINDOWS\system32\KERNELBASE.dll
0x00007ffd2aca0000 - 0x00007ffd2ad47000 	C:\WINDOWS\system32\ADVAPI32.dll
0x00007ffd2ad50000 - 0x00007ffd2aded000 	C:\WINDOWS\system32\msvcrt.dll
0x00007ffd282c0000 - 0x00007ffd2831b000 	C:\WINDOWS\system32\sechost.dll
0x00007ffd2a440000 - 0x00007ffd2a55c000 	C:\WINDOWS\system32\RPCRT4.dll
0x00007ffd29c30000 - 0x00007ffd29d86000 	C:\WINDOWS\system32\USER32.dll
0x00007ffd2a040000 - 0x00007ffd2a1c6000 	C:\WINDOWS\system32\GDI32.dll
0x00007ffd22b50000 - 0x00007ffd22dc4000 	C:\WINDOWS\WinSxS\amd64_microsoft.windows.common-controls_6595b64144ccf1df_6.0.10586.0_none_8c15ae12515e1c22\COMCTL32.dll
0x00007ffd2aa10000 - 0x00007ffd2ac8d000 	C:\WINDOWS\system32\combase.dll
0x00007ffd27500000 - 0x00007ffd2756a000 	C:\WINDOWS\system32\bcryptPrimitives.dll
0x00007ffd29d90000 - 0x00007ffd29dcb000 	C:\WINDOWS\system32\IMM32.DLL
0x000000005fda0000 - 0x000000005fe72000 	C:\Program Files\Java\jdk1.8.0_91\jre\bin\msvcr100.dll
0x000000005e8f0000 - 0x000000005f183000 	C:\Program Files\Java\jdk1.8.0_91\jre\bin\server\jvm.dll
0x00007ffd2ac90000 - 0x00007ffd2ac98000 	C:\WINDOWS\system32\PSAPI.DLL
0x00007ffd25710000 - 0x00007ffd25733000 	C:\WINDOWS\SYSTEM32\WINMM.dll
0x00007ffd22dd0000 - 0x00007ffd22dda000 	C:\WINDOWS\SYSTEM32\VERSION.dll
0x00007ffd25ae0000 - 0x00007ffd25ae9000 	C:\WINDOWS\SYSTEM32\WSOCK32.dll
0x0000000002340000 - 0x000000000236c000 	C:\WINDOWS\SYSTEM32\WINMMBASE.dll
0x00007ffd29bc0000 - 0x00007ffd29c2b000 	C:\WINDOWS\system32\WS2_32.dll
0x00007ffd27650000 - 0x00007ffd27693000 	C:\WINDOWS\system32\cfgmgr32.dll
0x000000005fd90000 - 0x000000005fd9f000 	C:\Program Files\Java\jdk1.8.0_91\jre\bin\verify.dll
0x000000005fd60000 - 0x000000005fd89000 	C:\Program Files\Java\jdk1.8.0_91\jre\bin\java.dll
0x000000005fd40000 - 0x000000005fd56000 	C:\Program Files\Java\jdk1.8.0_91\jre\bin\zip.dll
0x00007ffd28600000 - 0x00007ffd29b5c000 	C:\WINDOWS\system32\SHELL32.dll
0x00007ffd276a0000 - 0x00007ffd27ce4000 	C:\WINDOWS\system32\windows.storage.dll
0x00007ffd281f0000 - 0x00007ffd28242000 	C:\WINDOWS\system32\shlwapi.dll
0x00007ffd27460000 - 0x00007ffd2746f000 	C:\WINDOWS\system32\kernel.appcore.dll
0x00007ffd27570000 - 0x00007ffd27625000 	C:\WINDOWS\system32\shcore.dll
0x00007ffd27410000 - 0x00007ffd2745b000 	C:\WINDOWS\system32\powrprof.dll
0x00007ffd27480000 - 0x00007ffd27494000 	C:\WINDOWS\system32\profapi.dll

VM Arguments:
jvm_args: -Djava.awt.headless=true -Xmx1024M -Dfile.encoding=windows-1252 -Duser.country=CA -Duser.language=en -Duser.variant 
java_command: com.android.dx.command.Main --dex --num-threads=4 --output C:\Users\Kevin's Playtime\Desktop\pomodoro\app\build\intermediates\pre-dexed\debug\com.mikepenz-materialdrawer-4.5.1_39b7bad2a8c173aa0fbb52bd72a2b0499113dd8b.jar C:\Users\Kevin's Playtime\Desktop\pomodoro\app\build\intermediates\exploded-aar\com.mikepenz\materialdrawer\4.5.1\jars\classes.jar
java_class_path (initial): C:\Android\sdk\build-tools\23.0.2\lib\dx.jar
Launcher Type: SUN_STANDARD

Environment Variables:
JAVA_HOME=C:\Program Files\Java\jdk1.7.0_67
PATH=C:\ProgramData\Oracle\Java\javapath;C:\Program Files (x86)\Caminova\Document Express DjVu Plug-in\;c:\Program Files (x86)\Intel\iCLS Client\;c:\Program Files\Intel\iCLS Client\;C:\WINDOWS\system32;C:\WINDOWS;C:\WINDOWS\System32\Wbem;C:\WINDOWS\System32\WindowsPowerShell\v1.0\;C:\Program Files\Intel\Intel(R) Management Engine Components\DAL;C:\Program Files\Intel\Intel(R) Management Engine Components\IPT;C:\Program Files (x86)\Intel\Intel(R) Management Engine Components\DAL;C:\Program Files (x86)\Intel\Intel(R) Management Engine Components\IPT;C:\Program Files (x86)\Windows Live\Shared;C:\Program Files (x86)\Skype\Phone\;C:\Program Files\nodejs\;C:\WINDOWS\system32\config\systemprofile\.dnx\bin;C:\Program Files\Microsoft DNX\Dnvm\;C:\Program Files (x86)\Windows Kits\8.1\Windows Performance Toolkit\;C:\Program Files\Microsoft SQL Server\130\Tools\Binn\;C:\Program Files (x86)\QuickTime\QTSystem\;C:\Program Files\Git\cmd;C:\Users\Kevin's Playtime\AppData\Local\Programs\Python\Python35-32\Scripts\;C:\Users\Kevin's Playtime\AppData\Local\Programs\Python\Python35-32\;c:\users\kevin's playtime\appdata\local\enthought\canopy\user\scripts;C:\Users\Kevin's Playtime\AppData\Local\Enthought\Canopy\User;C:\Users\Kevin's Playtime\AppData\Local\Enthought\Canopy\User\Scripts;C:\Users\Kevin's Playtime\AppData\Roaming\npm
USERNAME=Kevin
OS=Windows_NT
PROCESSOR_IDENTIFIER=Intel64 Family 6 Model 58 Stepping 9, GenuineIntel



---------------  S Y S T E M  ---------------

OS: Windows 10.0 , 64 bit Build 10586 (10.0.10586.0)

CPU:total 8 (4 cores per cpu, 2 threads per core) family 6 model 58 stepping 9, cmov, cx8, fxsr, mmx, sse, sse2, sse3, ssse3, sse4.1, sse4.2, popcnt, avx, aes, clmul, erms, ht, tsc, tscinvbit, tscinv

Memory: 4k page, physical 8318812k(1369888k free), swap 12513116k(5072k free)

vm_info: Java HotSpot(TM) 64-Bit Server VM (25.91-b14) for windows-amd64 JRE (1.8.0_91-b14), built on Apr  1 2016 00:58:32 by "java_re" with MS VC++ 10.0 (VS2010)

time: Thu Aug 18 13:12:32 2016
elapsed time: 0 seconds (0d 0h 0m 0s)

