#
# There is insufficient memory for the Java Runtime Environment to continue.
# Native memory allocation (malloc) failed to allocate 1083136 bytes for Chunk::new
# Possible reasons:
#   The system is out of physical RAM or swap space
#   In 32 bit mode, the process size limit was hit
# Possible solutions:
#   Reduce memory load on the system
#   Increase physical memory or swap space
#   Check if swap backing store is full
#   Use 64 bit Java on a 64 bit OS
#   Decrease Java heap size (-Xmx/-Xms)
#   Decrease number of Java threads
#   Decrease Java thread stack sizes (-Xss)
#   Set larger code cache with -XX:ReservedCodeCacheSize=
# This output file may be truncated or incomplete.
#
#  Out of Memory Error (allocation.cpp:390), pid=1940, tid=14568
#
# JRE version: Java(TM) SE Runtime Environment (8.0_91-b14) (build 1.8.0_91-b14)
# Java VM: Java HotSpot(TM) 64-Bit Server VM (25.91-b14 mixed mode windows-amd64 compressed oops)
# Failed to write core dump. Minidumps are not enabled by default on client versions of Windows
#

---------------  T H R E A D  ---------------

Current thread (0x000000001798b800):  JavaThread "C2 CompilerThread1" daemon [_thread_in_native, id=14568, stack(0x00000000181f0000,0x00000000182f0000)]

Stack: [0x00000000181f0000,0x00000000182f0000]
[error occurred during error reporting (printing stack bounds), id 0xc0000005]

Native frames: (J=compiled Java code, j=interpreted, Vv=VM code, C=native code)


Current CompileTask:
C2:   3577 1890       4       com.android.dx.dex.code.OutputFinisher::addConstants (93 bytes)


---------------  P R O C E S S  ---------------

Java Threads: ( => current thread )
  0x00000000179a5800 JavaThread "Service Thread" daemon [_thread_blocked, id=21136, stack(0x00000000184f0000,0x00000000185f0000)]
  0x000000001799d800 JavaThread "C1 CompilerThread3" daemon [_thread_blocked, id=13012, stack(0x00000000183f0000,0x00000000184f0000)]
  0x0000000017997000 JavaThread "C2 CompilerThread2" daemon [_thread_in_native, id=21288, stack(0x00000000182f0000,0x00000000183f0000)]
=>0x000000001798b800 JavaThread "C2 CompilerThread1" daemon [_thread_in_native, id=14568, stack(0x00000000181f0000,0x00000000182f0000)]
  0x000000001793b000 JavaThread "C2 CompilerThread0" daemon [_thread_in_native, id=11244, stack(0x00000000180f0000,0x00000000181f0000)]
  0x0000000017938000 JavaThread "Attach Listener" daemon [_thread_blocked, id=10696, stack(0x0000000017ff0000,0x00000000180f0000)]
  0x0000000017937000 JavaThread "Signal Dispatcher" daemon [_thread_blocked, id=2668, stack(0x0000000017ef0000,0x0000000017ff0000)]
  0x0000000017930800 JavaThread "Finalizer" daemon [_thread_blocked, id=16184, stack(0x0000000017d10000,0x0000000017e10000)]
  0x0000000015a1d800 JavaThread "Reference Handler" daemon [_thread_blocked, id=30080, stack(0x0000000017810000,0x0000000017910000)]
  0x0000000002dde000 JavaThread "main" [_thread_in_Java, id=24772, stack(0x0000000002cc0000,0x0000000002dc0000)]

Other Threads:
  0x0000000015a18800 VMThread [stack: 0x0000000017710000,0x0000000017810000] [id=14828]
  0x00000000179b0000 WatcherThread [stack: 0x00000000185f0000,0x00000000186f0000] [id=26464]

VM state:not at safepoint (normal execution)

VM Mutex/Monitor currently owned by a thread: None

Heap:
 PSYoungGen      total 71680K, used 18100K [0x00000000eab00000, 0x00000000f3700000, 0x0000000100000000)
  eden space 66560K, 19% used [0x00000000eab00000,0x00000000eb7b00e8,0x00000000eec00000)
  from space 5120K, 99% used [0x00000000eec00000,0x00000000ef0fd0f0,0x00000000ef100000)
  to   space 5120K, 0% used [0x00000000f3200000,0x00000000f3200000,0x00000000f3700000)
 ParOldGen       total 87552K, used 15761K [0x00000000c0000000, 0x00000000c5580000, 0x00000000eab00000)
  object space 87552K, 18% used [0x00000000c0000000,0x00000000c0f64490,0x00000000c5580000)
 Metaspace       used 6345K, capacity 7160K, committed 7296K, reserved 1056768K
  class space    used 612K, capacity 624K, committed 640K, reserved 1048576K

Card table byte_map: [0x00000000122a0000,0x00000000124b0000] byte_map_base: 0x0000000011ca0000

Marking Bits: (ParMarkBitMap*) 0x000000005f102f70
 Begin Bits: [0x0000000012e10000, 0x0000000013e10000)
 End Bits:   [0x0000000013e10000, 0x0000000014e10000)

Polling page: 0x0000000001520000

CodeCache: size=245760Kb used=8033Kb max_used=8033Kb free=237726Kb
 bounds [0x0000000002ee0000, 0x00000000036d0000, 0x0000000011ee0000]
 total_blobs=2135 nmethods=1862 adapters=182
 compilation: enabled

Compilation events (10 events):
Event: 3.550 Thread 0x000000001799d800 nmethod 1897 0x00000000036b8d90 code [0x00000000036b90a0, 0x00000000036ba9b8]
Event: 3.564 Thread 0x000000001793b000 1898       4       java.util.HashMap$HashIterator::nextNode (100 bytes)
Event: 3.567 Thread 0x000000001793b000 nmethod 1898 0x00000000036adf10 code [0x00000000036ae060, 0x00000000036ae298]
Event: 3.567 Thread 0x000000001793b000 1899   !   4       com.android.dx.rop.cst.CstType::intern (48 bytes)
Event: 3.573 Thread 0x000000001799d800 1900       3       java.util.HashMap::keySet (27 bytes)
Event: 3.573 Thread 0x000000001799d800 nmethod 1900 0x00000000036b1450 code [0x00000000036b15e0, 0x00000000036b1990]
Event: 3.573 Thread 0x000000001799d800 1901       3       java.util.HashMap$KeySet::iterator (12 bytes)
Event: 3.573 Thread 0x000000001799d800 nmethod 1901 0x00000000036b0f90 code [0x00000000036b1100, 0x00000000036b1368]
Event: 3.573 Thread 0x000000001799d800 1902       3       java.util.HashMap$KeyIterator::<init> (11 bytes)
Event: 3.573 Thread 0x000000001799d800 nmethod 1902 0x00000000036b89d0 code [0x00000000036b8b40, 0x00000000036b8ce8]

GC Heap History (6 events):
Event: 1.329 GC heap before
{Heap before GC invocations=1 (full 0):
 PSYoungGen      total 38400K, used 33280K [0x00000000eab00000, 0x00000000ed580000, 0x0000000100000000)
  eden space 33280K, 100% used [0x00000000eab00000,0x00000000ecb80000,0x00000000ecb80000)
  from space 5120K, 0% used [0x00000000ed080000,0x00000000ed080000,0x00000000ed580000)
  to   space 5120K, 0% used [0x00000000ecb80000,0x00000000ecb80000,0x00000000ed080000)
 ParOldGen       total 87552K, used 0K [0x00000000c0000000, 0x00000000c5580000, 0x00000000eab00000)
  object space 87552K, 0% used [0x00000000c0000000,0x00000000c0000000,0x00000000c5580000)
 Metaspace       used 5952K, capacity 6896K, committed 7040K, reserved 1056768K
  class space    used 602K, capacity 616K, committed 640K, reserved 1048576K
Event: 1.403 GC heap after
Heap after GC invocations=1 (full 0):
 PSYoungGen      total 38400K, used 5099K [0x00000000eab00000, 0x00000000ef600000, 0x0000000100000000)
  eden space 33280K, 0% used [0x00000000eab00000,0x00000000eab00000,0x00000000ecb80000)
  from space 5120K, 99% used [0x00000000ecb80000,0x00000000ed07ad40,0x00000000ed080000)
  to   space 5120K, 0% used [0x00000000ef100000,0x00000000ef100000,0x00000000ef600000)
 ParOldGen       total 87552K, used 1379K [0x00000000c0000000, 0x00000000c5580000, 0x00000000eab00000)
  object space 87552K, 1% used [0x00000000c0000000,0x00000000c0158c30,0x00000000c5580000)
 Metaspace       used 5952K, capacity 6896K, committed 7040K, reserved 1056768K
  class space    used 602K, capacity 616K, committed 640K, reserved 1048576K
}
Event: 2.206 GC heap before
{Heap before GC invocations=2 (full 0):
 PSYoungGen      total 38400K, used 38379K [0x00000000eab00000, 0x00000000ef600000, 0x0000000100000000)
  eden space 33280K, 100% used [0x00000000eab00000,0x00000000ecb80000,0x00000000ecb80000)
  from space 5120K, 99% used [0x00000000ecb80000,0x00000000ed07ad40,0x00000000ed080000)
  to   space 5120K, 0% used [0x00000000ef100000,0x00000000ef100000,0x00000000ef600000)
 ParOldGen       total 87552K, used 1379K [0x00000000c0000000, 0x00000000c5580000, 0x00000000eab00000)
  object space 87552K, 1% used [0x00000000c0000000,0x00000000c0158c30,0x00000000c5580000)
 Metaspace       used 6180K, capacity 7090K, committed 7296K, reserved 1056768K
  class space    used 604K, capacity 618K, committed 640K, reserved 1048576K
Event: 2.307 GC heap after
Heap after GC invocations=2 (full 0):
 PSYoungGen      total 71680K, used 5104K [0x00000000eab00000, 0x00000000ef600000, 0x0000000100000000)
  eden space 66560K, 0% used [0x00000000eab00000,0x00000000eab00000,0x00000000eec00000)
  from space 5120K, 99% used [0x00000000ef100000,0x00000000ef5fc208,0x00000000ef600000)
  to   space 5120K, 0% used [0x00000000eec00000,0x00000000eec00000,0x00000000ef100000)
 ParOldGen       total 87552K, used 5464K [0x00000000c0000000, 0x00000000c5580000, 0x00000000eab00000)
  object space 87552K, 6% used [0x00000000c0000000,0x00000000c0556208,0x00000000c5580000)
 Metaspace       used 6180K, capacity 7090K, committed 7296K, reserved 1056768K
  class space    used 604K, capacity 618K, committed 640K, reserved 1048576K
}
Event: 3.292 GC heap before
{Heap before GC invocations=3 (full 0):
 PSYoungGen      total 71680K, used 71664K [0x00000000eab00000, 0x00000000ef600000, 0x0000000100000000)
  eden space 66560K, 100% used [0x00000000eab00000,0x00000000eec00000,0x00000000eec00000)
  from space 5120K, 99% used [0x00000000ef100000,0x00000000ef5fc208,0x00000000ef600000)
  to   space 5120K, 0% used [0x00000000eec00000,0x00000000eec00000,0x00000000ef100000)
 ParOldGen       total 87552K, used 5464K [0x00000000c0000000, 0x00000000c5580000, 0x00000000eab00000)
  object space 87552K, 6% used [0x00000000c0000000,0x00000000c0556208,0x00000000c5580000)
 Metaspace       used 6268K, capacity 7154K, committed 7296K, reserved 1056768K
  class space    used 605K, capacity 618K, committed 640K, reserved 1048576K
Event: 3.341 GC heap after
Heap after GC invocations=3 (full 0):
 PSYoungGen      total 71680K, used 5108K [0x00000000eab00000, 0x00000000f3700000, 0x0000000100000000)
  eden space 66560K, 0% used [0x00000000eab00000,0x00000000eab00000,0x00000000eec00000)
  from space 5120K, 99% used [0x00000000eec00000,0x00000000ef0fd0f0,0x00000000ef100000)
  to   space 5120K, 0% used [0x00000000f3200000,0x00000000f3200000,0x00000000f3700000)
 ParOldGen       total 87552K, used 15761K [0x00000000c0000000, 0x00000000c5580000, 0x00000000eab00000)
  object space 87552K, 18% used [0x00000000c0000000,0x00000000c0f64490,0x00000000c5580000)
 Metaspace       used 6268K, capacity 7154K, committed 7296K, reserved 1056768K
  class space    used 605K, capacity 618K, committed 640K, reserved 1048576K
}

Deoptimization events (10 events):
Event: 2.720 Thread 0x0000000017ca2000 Uncommon trap: reason=unstable_if action=reinterpret pc=0x000000000360b868 method=com.android.dx.cf.code.RopperMachine.run(Lcom/android/dx/cf/code/Frame;II)V @ 1250
Event: 2.914 Thread 0x0000000017ce9800 Uncommon trap: reason=unstable_if action=reinterpret pc=0x00000000034d0da4 method=com.android.dx.rop.code.LocalItem.compareHandlesNulls(Lcom/android/dx/rop/cst/CstString;Lcom/android/dx/rop/cst/CstString;)I @ 14
Event: 2.915 Thread 0x0000000017ce9800 Uncommon trap: reason=unstable_if action=reinterpret pc=0x00000000033964f8 method=com.android.dx.rop.code.LocalItem.compareHandlesNulls(Lcom/android/dx/rop/cst/CstString;Lcom/android/dx/rop/cst/CstString;)I @ 14
Event: 2.915 Thread 0x0000000017ce9800 Uncommon trap: reason=unstable_if action=reinterpret pc=0x00000000034880b0 method=com.android.dx.rop.code.LocalItem.compareHandlesNulls(Lcom/android/dx/rop/cst/CstString;Lcom/android/dx/rop/cst/CstString;)I @ 14
Event: 3.479 Thread 0x0000000002dde000 Uncommon trap: reason=class_check action=maybe_recompile pc=0x000000000337ea88 method=java.util.Arrays.hashCode([Ljava/lang/Object;)I @ 43
Event: 3.479 Thread 0x0000000002dde000 Uncommon trap: reason=class_check action=maybe_recompile pc=0x000000000337ea88 method=java.util.Arrays.hashCode([Ljava/lang/Object;)I @ 43
Event: 3.479 Thread 0x0000000002dde000 Uncommon trap: reason=class_check action=maybe_recompile pc=0x000000000337ea88 method=java.util.Arrays.hashCode([Ljava/lang/Object;)I @ 43
Event: 3.479 Thread 0x0000000002dde000 Uncommon trap: reason=class_check action=maybe_recompile pc=0x000000000337ea88 method=java.util.Arrays.hashCode([Ljava/lang/Object;)I @ 43
Event: 3.479 Thread 0x0000000002dde000 Uncommon trap: reason=class_check action=maybe_recompile pc=0x0000000003285268 method=java.util.Arrays.hashCode([Ljava/lang/Object;)I @ 43
Event: 3.513 Thread 0x0000000002dde000 Uncommon trap: reason=class_check action=maybe_recompile pc=0x00000000033713e0 method=java.util.HashMap.putVal(ILjava/lang/Object;Ljava/lang/Object;ZZ)Ljava/lang/Object; @ 203

Internal exceptions (7 events):
Event: 0.234 Thread 0x0000000002dde000 Exception <a 'java/lang/NoSuchMethodError': Method sun.misc.Unsafe.defineClass(Ljava/lang/String;[BII)Ljava/lang/Class; name or signature does not match> (0x00000000eab07cc0) thrown at [C:\re\workspace\8-2-build-windows-amd64-cygwin\jdk8u91\6644\hotspot\srŒî¿rõÍ?
Event: 0.234 Thread 0x0000000002dde000 Exception <a 'java/lang/NoSuchMethodError': Method sun.misc.Unsafe.prefetchRead(Ljava/lang/Object;J)V name or signature does not match> (0x00000000eab07fa8) thrown at [C:\re\workspace\8-2-build-windows-amd64-cygwin\jdk8u91\6644\hotspot\src\share\vm\prims\j
Event: 1.124 Thread 0x0000000002dde000 Implicit null exception at 0x00000000031cea4c to 0x00000000031d0b8d
Event: 1.166 Thread 0x0000000017c6f000 Implicit null exception at 0x000000000325a2a2 to 0x000000000325a392
Event: 2.914 Thread 0x0000000017ce9800 Implicit null exception at 0x00000000034cf493 to 0x00000000034d0d65
Event: 2.915 Thread 0x0000000017ce9800 Implicit null exception at 0x0000000003394f21 to 0x00000000033964d1
Event: 2.915 Thread 0x0000000017ce9800 Implicit null exception at 0x0000000003487d98 to 0x0000000003488085

Events (10 events):
Event: 3.479 Thread 0x0000000002dde000 DEOPT PACKING pc=0x000000000337ea88 sp=0x0000000002dbeab0
Event: 3.479 Thread 0x0000000002dde000 DEOPT UNPACKING pc=0x0000000002f2582a sp=0x0000000002dbe9e0 mode 2
Event: 3.479 Thread 0x0000000002dde000 Uncommon trap: trap_request=0xffffffde fr.pc=0x0000000003285268
Event: 3.479 Thread 0x0000000002dde000 DEOPT PACKING pc=0x0000000003285268 sp=0x0000000002dbea90
Event: 3.479 Thread 0x0000000002dde000 DEOPT UNPACKING pc=0x0000000002f2582a sp=0x0000000002dbea18 mode 2
Event: 3.481 loading class com/android/dx/rop/cst/Zeroes
Event: 3.481 loading class com/android/dx/rop/cst/Zeroes done
Event: 3.513 Thread 0x0000000002dde000 Uncommon trap: trap_request=0xffffffde fr.pc=0x00000000033713e0
Event: 3.513 Thread 0x0000000002dde000 DEOPT PACKING pc=0x00000000033713e0 sp=0x0000000002dbebc0
Event: 3.513 Thread 0x0000000002dde000 DEOPT UNPACKING pc=0x0000000002f2582a sp=0x0000000002dbeae0 mode 2


Dynamic libraries:
0x00007ff6495a0000 - 0x00007ff6495d7000 	C:\Program Files\Java\jdk1.8.0_91\bin\java.exe
0x00007ffd2adf0000 - 0x00007ffd2afb1000 	C:\WINDOWS\SYSTEM32\ntdll.dll
0x00007ffd2a380000 - 0x00007ffd2a42d000 	C:\WINDOWS\system32\KERNEL32.DLL
0x00007ffd27ec0000 - 0x00007ffd280a8000 	C:\WINDOWS\system32\KERNELBASE.dll
0x00007ffd2aca0000 - 0x00007ffd2ad47000 	C:\WINDOWS\system32\ADVAPI32.dll
0x00007ffd2ad50000 - 0x00007ffd2aded000 	C:\WINDOWS\system32\msvcrt.dll
0x00007ffd282c0000 - 0x00007ffd2831b000 	C:\WINDOWS\system32\sechost.dll
0x00007ffd2a440000 - 0x00007ffd2a55c000 	C:\WINDOWS\system32\RPCRT4.dll
0x00007ffd29c30000 - 0x00007ffd29d86000 	C:\WINDOWS\system32\USER32.dll
0x00007ffd2a040000 - 0x00007ffd2a1c6000 	C:\WINDOWS\system32\GDI32.dll
0x00007ffd22b50000 - 0x00007ffd22dc4000 	C:\WINDOWS\WinSxS\amd64_microsoft.windows.common-controls_6595b64144ccf1df_6.0.10586.0_none_8c15ae12515e1c22\COMCTL32.dll
0x00007ffd2aa10000 - 0x00007ffd2ac8d000 	C:\WINDOWS\system32\combase.dll
0x00007ffd27500000 - 0x00007ffd2756a000 	C:\WINDOWS\system32\bcryptPrimitives.dll
0x00007ffd29d90000 - 0x00007ffd29dcb000 	C:\WINDOWS\system32\IMM32.DLL
0x000000005fda0000 - 0x000000005fe72000 	C:\Program Files\Java\jdk1.8.0_91\jre\bin\msvcr100.dll
0x000000005e8f0000 - 0x000000005f183000 	C:\Program Files\Java\jdk1.8.0_91\jre\bin\server\jvm.dll
0x00007ffd2ac90000 - 0x00007ffd2ac98000 	C:\WINDOWS\system32\PSAPI.DLL
0x00007ffd25ae0000 - 0x00007ffd25ae9000 	C:\WINDOWS\SYSTEM32\WSOCK32.dll
0x00007ffd29bc0000 - 0x00007ffd29c2b000 	C:\WINDOWS\system32\WS2_32.dll
0x00007ffd25710000 - 0x00007ffd25733000 	C:\WINDOWS\SYSTEM32\WINMM.dll
0x00007ffd22dd0000 - 0x00007ffd22dda000 	C:\WINDOWS\SYSTEM32\VERSION.dll
0x00007ffd255f0000 - 0x00007ffd2561c000 	C:\WINDOWS\SYSTEM32\WINMMBASE.dll
0x00007ffd27650000 - 0x00007ffd27693000 	C:\WINDOWS\system32\cfgmgr32.dll
0x000000005fd90000 - 0x000000005fd9f000 	C:\Program Files\Java\jdk1.8.0_91\jre\bin\verify.dll
0x000000005fd60000 - 0x000000005fd89000 	C:\Program Files\Java\jdk1.8.0_91\jre\bin\java.dll
0x000000005fd40000 - 0x000000005fd56000 	C:\Program Files\Java\jdk1.8.0_91\jre\bin\zip.dll
0x00007ffd28600000 - 0x00007ffd29b5c000 	C:\WINDOWS\system32\SHELL32.dll
0x00007ffd276a0000 - 0x00007ffd27ce4000 	C:\WINDOWS\system32\windows.storage.dll
0x00007ffd281f0000 - 0x00007ffd28242000 	C:\WINDOWS\system32\shlwapi.dll
0x00007ffd27460000 - 0x00007ffd2746f000 	C:\WINDOWS\system32\kernel.appcore.dll
0x00007ffd27570000 - 0x00007ffd27625000 	C:\WINDOWS\system32\shcore.dll
0x00007ffd27410000 - 0x00007ffd2745b000 	C:\WINDOWS\system32\powrprof.dll
0x00007ffd27480000 - 0x00007ffd27494000 	C:\WINDOWS\system32\profapi.dll

VM Arguments:
jvm_args: -Djava.awt.headless=true -Xmx1024M -Dfile.encoding=windows-1252 -Duser.country=CA -Duser.language=en -Duser.variant 
java_command: com.android.dx.command.Main --dex --num-threads=4 --output C:\Users\Kevin's Playtime\Desktop\pomodoro\app\build\intermediates\pre-dexed\debug\com.android.support-design-23.4.0_9c82ddc3cad887c37a60504b22a4e4856ee556c1.jar C:\Users\Kevin's Playtime\Desktop\pomodoro\app\build\intermediates\exploded-aar\com.android.support\design\23.4.0\jars\classes.jar
java_class_path (initial): C:\Android\sdk\build-tools\23.0.2\lib\dx.jar
Launcher Type: SUN_STANDARD

Environment Variables:
JAVA_HOME=C:\Program Files\Java\jdk1.7.0_67
PATH=C:\ProgramData\Oracle\Java\javapath;C:\Program Files (x86)\Caminova\Document Express DjVu Plug-in\;c:\Program Files (x86)\Intel\iCLS Client\;c:\Program Files\Intel\iCLS Client\;C:\WINDOWS\system32;C:\WINDOWS;C:\WINDOWS\System32\Wbem;C:\WINDOWS\System32\WindowsPowerShell\v1.0\;C:\Program Files\Intel\Intel(R) Management Engine Components\DAL;C:\Program Files\Intel\Intel(R) Management Engine Components\IPT;C:\Program Files (x86)\Intel\Intel(R) Management Engine Components\DAL;C:\Program Files (x86)\Intel\Intel(R) Management Engine Components\IPT;C:\Program Files (x86)\Windows Live\Shared;C:\Program Files (x86)\Skype\Phone\;C:\Program Files\nodejs\;C:\WINDOWS\system32\config\systemprofile\.dnx\bin;C:\Program Files\Microsoft DNX\Dnvm\;C:\Program Files (x86)\Windows Kits\8.1\Windows Performance Toolkit\;C:\Program Files\Microsoft SQL Server\130\Tools\Binn\;C:\Program Files (x86)\QuickTime\QTSystem\;C:\Program Files\Git\cmd;C:\Users\Kevin's Playtime\AppData\Local\Programs\Python\Python35-32\Scripts\;C:\Users\Kevin's Playtime\AppData\Local\Programs\Python\Python35-32\;c:\users\kevin's playtime\appdata\local\enthought\canopy\user\scripts;C:\Users\Kevin's Playtime\AppData\Local\Enthought\Canopy\User;C:\Users\Kevin's Playtime\AppData\Local\Enthought\Canopy\User\Scripts;C:\Users\Kevin's Playtime\AppData\Roaming\npm
USERNAME=Kevin
OS=Windows_NT
PROCESSOR_IDENTIFIER=Intel64 Family 6 Model 58 Stepping 9, GenuineIntel



---------------  S Y S T E M  ---------------

OS: Windows 10.0 , 64 bit Build 10586 (10.0.10586.0)

CPU:total 8 (4 cores per cpu, 2 threads per core) family 6 model 58 stepping 9, cmov, cx8, fxsr, mmx, sse, sse2, sse3, ssse3, sse4.1, sse4.2, popcnt, avx, aes, clmul, erms, ht, tsc, tscinvbit, tscinv

Memory: 4k page, physical 8318812k(1260156k free), swap 12513116k(5300k free)

vm_info: Java HotSpot(TM) 64-Bit Server VM (25.91-b14) for windows-amd64 JRE (1.8.0_91-b14), built on Apr  1 2016 00:58:32 by "java_re" with MS VC++ 10.0 (VS2010)

time: Thu Aug 18 15:59:31 2016
elapsed time: 3 seconds (0d 0h 0m 3s)

